2024-10-02 12:17:32.515 [info] Added views:workbench.panel.markers.view in workbench.panel.markers
2024-10-02 12:17:32.515 [info] Added views:workbench.panel.output in workbench.panel.output
2024-10-02 12:17:32.515 [info] Added views:terminal in terminal
2024-10-02 12:17:32.515 [info] Added views:outline in workbench.view.explorer
2024-10-02 12:17:32.515 [info] Added views:workbench.scm in workbench.view.scm
2024-10-02 12:17:32.515 [info] Added views:workbench.view.search in workbench.view.search
2024-10-02 12:17:32.515 [info] Added views:timeline in workbench.view.explorer
2024-10-02 12:17:32.515 [info] Added views:workbench.explorer.emptyView in workbench.view.explorer
2024-10-02 12:17:32.774 [info] Added views:workbench.debug.variablesView,workbench.debug.watchExpressionsView,workbench.debug.callStackView,workbench.debug.breakPointsView in workbench.view.debug
2024-10-02 12:17:32.950 [info] Added views:workbench.panel.repl.view in workbench.panel.repl
2024-10-02 12:17:32.951 [info] Removed views:workbench.debug.breakPointsView,workbench.debug.callStackView,workbench.debug.watchExpressionsView,workbench.debug.variablesView from workbench.view.debug
2024-10-02 12:17:32.951 [info] Added views:workbench.debug.welcome in workbench.view.debug
2024-10-02 12:17:32.992 [info] Added views:~remote.forwardedPorts in ~remote.forwardedPortsContainer
2024-10-02 12:17:39.568 [info] Added views:workbench.panel.markers.view in workbench.panel.markers
2024-10-02 12:17:39.568 [info] Added views:workbench.panel.output in workbench.panel.output
2024-10-02 12:17:39.568 [info] Added views:terminal in terminal
2024-10-02 12:17:39.568 [info] Added views:outline in workbench.view.explorer
2024-10-02 12:17:39.568 [info] Added views:workbench.scm in workbench.view.scm
2024-10-02 12:17:39.568 [info] Added views:workbench.view.search in workbench.view.search
2024-10-02 12:17:39.568 [info] Added views:timeline in workbench.view.explorer
2024-10-02 12:17:39.568 [info] Added views:workbench.explorer.fileView in workbench.view.explorer
2024-10-02 12:17:39.868 [info] Added views:workbench.debug.variablesView,workbench.debug.watchExpressionsView,workbench.debug.callStackView,workbench.debug.breakPointsView in workbench.view.debug
2024-10-02 12:17:39.909 [info] Added views:~remote.forwardedPorts in ~remote.forwardedPortsContainer
2024-10-02 12:17:39.916 [info] Added views:workbench.panel.repl.view in workbench.panel.repl
2024-10-02 12:17:39.917 [info] Removed views:workbench.debug.breakPointsView,workbench.debug.callStackView,workbench.debug.watchExpressionsView,workbench.debug.variablesView from workbench.view.debug
2024-10-02 12:17:39.917 [info] Added views:workbench.debug.welcome in workbench.view.debug
2024-10-02 13:25:10.793 [info] Added views:workbench.panel.markers.view in workbench.panel.markers
2024-10-02 13:25:10.793 [info] Added views:workbench.panel.output in workbench.panel.output
2024-10-02 13:25:10.793 [info] Added views:terminal in terminal
2024-10-02 13:25:10.793 [info] Added views:outline in workbench.view.explorer
2024-10-02 13:25:10.793 [info] Added views:workbench.scm in workbench.view.scm
2024-10-02 13:25:10.793 [info] Added views:workbench.view.search in workbench.view.search
2024-10-02 13:25:10.793 [info] Added views:timeline in workbench.view.explorer
2024-10-02 13:25:10.793 [info] Added views:workbench.explorer.fileView in workbench.view.explorer
2024-10-02 13:25:11.133 [info] Added views:workbench.debug.variablesView,workbench.debug.watchExpressionsView,workbench.debug.callStackView,workbench.debug.breakPointsView in workbench.view.debug
2024-10-02 13:25:11.159 [info] Added views:workbench.panel.repl.view in workbench.panel.repl
2024-10-02 13:25:11.160 [info] Removed views:workbench.debug.breakPointsView,workbench.debug.callStackView,workbench.debug.watchExpressionsView,workbench.debug.variablesView from workbench.view.debug
2024-10-02 13:25:11.160 [info] Added views:workbench.debug.welcome in workbench.view.debug
2024-10-02 13:25:11.338 [info] Added views:~remote.forwardedPorts in ~remote.forwardedPortsContainer
2024-10-02 13:29:35.017 [info] Added views:workbench.panel.markers.view in workbench.panel.markers
2024-10-02 13:29:35.017 [info] Added views:workbench.panel.output in workbench.panel.output
2024-10-02 13:29:35.017 [info] Added views:terminal in terminal
2024-10-02 13:29:35.017 [info] Added views:outline in workbench.view.explorer
2024-10-02 13:29:35.017 [info] Added views:workbench.scm in workbench.view.scm
2024-10-02 13:29:35.017 [info] Added views:workbench.view.search in workbench.view.search
2024-10-02 13:29:35.017 [info] Added views:timeline in workbench.view.explorer
2024-10-02 13:29:35.017 [info] Added views:workbench.explorer.fileView in workbench.view.explorer
2024-10-02 13:29:35.120 [info] Added views:workbench.debug.welcome in workbench.view.debug
2024-10-02 13:29:35.468 [info] Added views:workbench.panel.repl.view in workbench.panel.repl
2024-10-02 13:29:35.811 [info] Added views:~remote.forwardedPorts in ~remote.forwardedPortsContainer
