[Warn  - 오후 1:29:35] 04:29:35.895 WARNING ⛔️ Environment variable configuration is being deprecated, please use workspace configuration. The following environment variables were used: shfmt
[Info  - 오후 1:29:35] 04:29:35.923 INFO BackgroundAnalysis: resolving glob "**/*@(.sh|.inc|.bash|.command)" inside "file:///root/shell"...
[Info  - 오후 1:29:35] 04:29:35.956 INFO BackgroundAnalysis: Glob resolved with 98 files after 0.033 seconds
[Warn  - 오후 1:29:36] 04:29:36.002 WARNING ⛔️ Error while parsing file:///root/shell/userdel.sh: syntax error
[Warn  - 오후 1:29:36] 04:29:36.058 WARNING ⛔️ Error while parsing file:///root/shell/project01/~/vscode/User/History/2144d87f/cM5G.sh: syntax error
[Info  - 오후 1:29:36] 04:29:36.066 INFO BackgroundAnalysis: Completed after 0.143 seconds.
[Warn  - 오후 1:29:36] 04:29:36.432 WARNING ⛔️ ShellCheck: disabling linting as no executable was found at path 'shellcheck'
[Warn  - 오후 2:28:06] 05:28:06.586 WARNING ⛔️ Error while parsing file:///root/shell/convert.sh: syntax error
[Warn  - 오후 2:28:06] 05:28:06.759 WARNING ⛔️ Error while parsing file:///root/shell/convert.sh: syntax error
[Warn  - 오후 2:28:07] 05:28:07.095 WARNING ⛔️ Error while parsing file:///root/shell/convert.sh: syntax error
[Warn  - 오후 2:28:07] 05:28:07.229 WARNING ⛔️ Error while parsing file:///root/shell/convert.sh: syntax error
[Warn  - 오후 2:28:07] 05:28:07.745 WARNING ⛔️ Error while parsing file:///root/shell/convert.sh: syntax error
[Warn  - 오후 2:28:31] 05:28:31.359 WARNING ⛔️ Error while parsing file:///root/shell/convert.sh: syntax error
[Warn  - 오후 2:28:31] 05:28:31.600 WARNING ⛔️ Error while parsing file:///root/shell/convert.sh: syntax error
[Warn  - 오후 2:28:32] 05:28:32.013 WARNING ⛔️ Error while parsing file:///root/shell/convert.sh: syntax error
[Warn  - 오후 2:28:32] 05:28:32.713 WARNING ⛔️ Error while parsing file:///root/shell/convert.sh: syntax error
[Warn  - 오후 2:28:32] 05:28:32.888 WARNING ⛔️ Error while parsing file:///root/shell/convert.sh: syntax error
[Warn  - 오후 2:28:32] 05:28:32.974 WARNING ⛔️ Error while parsing file:///root/shell/convert.sh: syntax error
[Warn  - 오후 2:28:33] 05:28:33.159 WARNING ⛔️ Error while parsing file:///root/shell/convert.sh: syntax error
[Warn  - 오후 2:28:33] 05:28:33.206 WARNING ⛔️ Error while parsing file:///root/shell/convert.sh: syntax error
[Warn  - 오후 2:28:33] 05:28:33.376 WARNING ⛔️ Error while parsing file:///root/shell/convert.sh: syntax error
[Warn  - 오후 2:28:33] 05:28:33.496 WARNING ⛔️ Error while parsing file:///root/shell/convert.sh: syntax error
[Warn  - 오후 2:28:34] 05:28:34.440 WARNING ⛔️ Error while parsing file:///root/shell/convert.sh: syntax error
[Warn  - 오후 2:28:34] 05:28:34.966 WARNING ⛔️ Error while parsing file:///root/shell/convert.sh: syntax error
[Warn  - 오후 2:28:35] 05:28:35.919 WARNING ⛔️ Error while parsing file:///root/shell/convert.sh: syntax error
[Warn  - 오후 2:28:37] 05:28:37.311 WARNING ⛔️ Error while parsing file:///root/shell/convert.sh: syntax error
[Warn  - 오후 2:28:37] 05:28:37.701 WARNING ⛔️ Error while parsing file:///root/shell/convert.sh: syntax error
[Warn  - 오후 2:28:38] 05:28:38.197 WARNING ⛔️ Error while parsing file:///root/shell/convert.sh: syntax error
[Warn  - 오후 2:28:38] 05:28:38.847 WARNING ⛔️ Error while parsing file:///root/shell/convert.sh: syntax error
[Warn  - 오후 2:28:39] 05:28:39.561 WARNING ⛔️ Error while parsing file:///root/shell/convert.sh: syntax error
[Warn  - 오후 2:28:39] 05:28:39.647 WARNING ⛔️ Error while parsing file:///root/shell/convert.sh: syntax error
[Warn  - 오후 2:28:39] 05:28:39.823 WARNING ⛔️ Error while parsing file:///root/shell/convert.sh: syntax error
[Warn  - 오후 2:28:39] 05:28:39.917 WARNING ⛔️ Error while parsing file:///root/shell/convert.sh: syntax error
[Warn  - 오후 2:28:40] 05:28:40.357 WARNING ⛔️ Error while parsing file:///root/shell/convert.sh: syntax error
[Warn  - 오후 2:28:41] 05:28:41.590 WARNING ⛔️ Error while parsing file:///root/shell/convert.sh: syntax error
[Warn  - 오후 2:28:42] 05:28:42.797 WARNING ⛔️ Error while parsing file:///root/shell/convert.sh: syntax error
[Warn  - 오후 2:28:42] 05:28:42.898 WARNING ⛔️ Error while parsing file:///root/shell/convert.sh: syntax error
[Warn  - 오후 2:28:43] 05:28:43.321 WARNING ⛔️ Error while parsing file:///root/shell/convert.sh: syntax error
[Warn  - 오후 2:28:45] 05:28:45.149 WARNING ⛔️ Error while parsing file:///root/shell/convert.sh: syntax error
[Warn  - 오후 2:28:45] 05:28:45.203 WARNING ⛔️ Error while parsing file:///root/shell/convert.sh: syntax error
[Warn  - 오후 2:28:46] 05:28:46.716 WARNING ⛔️ Error while parsing file:///root/shell/convert.sh: syntax error
[Warn  - 오후 2:28:46] 05:28:46.766 WARNING ⛔️ Error while parsing file:///root/shell/convert.sh: syntax error
[Warn  - 오후 2:28:46] 05:28:46.828 WARNING ⛔️ Error while parsing file:///root/shell/convert.sh: syntax error
[Warn  - 오후 2:28:46] 05:28:46.950 WARNING ⛔️ Error while parsing file:///root/shell/convert.sh: syntax error
[Warn  - 오후 2:28:47] 05:28:47.328 WARNING ⛔️ Error while parsing file:///root/shell/convert.sh: syntax error
[Warn  - 오후 2:28:47] 05:28:47.342 WARNING ⛔️ Error while parsing file:///root/shell/convert.sh: syntax error
[Warn  - 오후 2:28:48] 05:28:48.934 WARNING ⛔️ Error while parsing file:///root/shell/convert.sh: syntax error
[Warn  - 오후 2:28:49] 05:28:49.207 WARNING ⛔️ Error while parsing file:///root/shell/convert.sh: syntax error
[Warn  - 오후 2:28:49] 05:28:49.919 WARNING ⛔️ Error while parsing file:///root/shell/convert.sh: syntax error
[Warn  - 오후 2:28:50] 05:28:50.020 WARNING ⛔️ Error while parsing file:///root/shell/convert.sh: syntax error
[Warn  - 오후 2:28:50] 05:28:50.934 WARNING ⛔️ Error while parsing file:///root/shell/convert.sh: syntax error
[Warn  - 오후 2:28:51] 05:28:51.158 WARNING ⛔️ Error while parsing file:///root/shell/convert.sh: syntax error
[Warn  - 오후 2:28:51] 05:28:51.263 WARNING ⛔️ Error while parsing file:///root/shell/convert.sh: syntax error
[Warn  - 오후 2:28:51] 05:28:51.424 WARNING ⛔️ Error while parsing file:///root/shell/convert.sh: syntax error
[Warn  - 오후 2:28:52] 05:28:52.942 WARNING ⛔️ Error while parsing file:///root/shell/convert.sh: syntax error
[Warn  - 오후 2:29:14] 05:29:14.174 WARNING ⛔️ Error while parsing file:///root/shell/convert.sh: syntax error
[Warn  - 오후 2:30:51] 05:30:51.217 WARNING ⛔️ Error while parsing file:///root/shell/convert.sh: syntax error
[Warn  - 오후 2:30:52] 05:30:52.355 WARNING ⛔️ Error while parsing file:///root/shell/convert.sh: syntax error
[Warn  - 오후 2:31:02] 05:31:02.014 WARNING ⛔️ Error while parsing file:///root/shell/convert.sh: syntax error
[Warn  - 오후 2:31:04] 05:31:04.546 WARNING ⛔️ Error while parsing file:///root/shell/convert.sh: syntax error
[Warn  - 오후 2:31:04] 05:31:04.648 WARNING ⛔️ Error while parsing file:///root/shell/convert.sh: syntax error
[Warn  - 오후 2:31:23] 05:31:23.276 WARNING ⛔️ Error while parsing file:///root/shell/convert.sh: syntax error
[Warn  - 오후 2:31:24] 05:31:24.771 WARNING ⛔️ Error while parsing file:///root/shell/convert.sh: syntax error
[Warn  - 오후 2:31:27] 05:31:27.283 WARNING ⛔️ Error while parsing file:///root/shell/convert.sh: syntax error
[Warn  - 오후 2:31:28] 05:31:28.620 WARNING ⛔️ Error while parsing file:///root/shell/convert.sh: syntax error
[Warn  - 오후 2:31:29] 05:31:29.115 WARNING ⛔️ Error while parsing file:///root/shell/convert.sh: syntax error
[Warn  - 오후 2:31:29] 05:31:29.514 WARNING ⛔️ Error while parsing file:///root/shell/convert.sh: syntax error
[Warn  - 오후 2:31:31] 05:31:31.427 WARNING ⛔️ Error while parsing file:///root/shell/convert.sh: syntax error
[Warn  - 오후 2:33:36] 05:33:36.001 WARNING ⛔️ Error while parsing file:///root/shell/convert.sh: syntax error
[Warn  - 오후 2:33:36] 05:33:36.687 WARNING ⛔️ Error while parsing file:///root/shell/convert.sh: syntax error
[Warn  - 오후 2:33:36] 05:33:36.727 WARNING ⛔️ Error while parsing file:///root/shell/convert.sh: syntax error
[Warn  - 오후 2:33:37] 05:33:37.474 WARNING ⛔️ Error while parsing file:///root/shell/convert.sh: syntax error
[Warn  - 오후 2:33:38] 05:33:38.095 WARNING ⛔️ Error while parsing file:///root/shell/convert.sh: syntax error
[Warn  - 오후 2:33:38] 05:33:38.833 WARNING ⛔️ Error while parsing file:///root/shell/convert.sh: syntax error
[Warn  - 오후 2:33:39] 05:33:39.134 WARNING ⛔️ Error while parsing file:///root/shell/convert.sh: syntax error
[Warn  - 오후 2:33:40] 05:33:40.475 WARNING ⛔️ Error while parsing file:///root/shell/convert.sh: syntax error
[Warn  - 오후 2:33:41] 05:33:41.178 WARNING ⛔️ Error while parsing file:///root/shell/convert.sh: syntax error
[Warn  - 오후 2:33:43] 05:33:43.553 WARNING ⛔️ Error while parsing file:///root/shell/convert.sh: syntax error
[Warn  - 오후 2:33:44] 05:33:44.528 WARNING ⛔️ Error while parsing file:///root/shell/convert.sh: syntax error
[Warn  - 오후 2:33:44] 05:33:44.937 WARNING ⛔️ Error while parsing file:///root/shell/convert.sh: syntax error
[Warn  - 오후 2:33:45] 05:33:45.385 WARNING ⛔️ Error while parsing file:///root/shell/convert.sh: syntax error
[Warn  - 오후 2:33:45] 05:33:45.873 WARNING ⛔️ Error while parsing file:///root/shell/convert.sh: syntax error
[Warn  - 오후 2:33:46] 05:33:46.273 WARNING ⛔️ Error while parsing file:///root/shell/convert.sh: syntax error
[Warn  - 오후 2:33:46] 05:33:46.626 WARNING ⛔️ Error while parsing file:///root/shell/convert.sh: syntax error
[Warn  - 오후 2:33:47] 05:33:47.081 WARNING ⛔️ Error while parsing file:///root/shell/convert.sh: syntax error
[Warn  - 오후 2:33:47] 05:33:47.617 WARNING ⛔️ Error while parsing file:///root/shell/convert.sh: syntax error
[Warn  - 오후 2:33:47] 05:33:47.716 WARNING ⛔️ Error while parsing file:///root/shell/convert.sh: syntax error
[Warn  - 오후 2:33:48] 05:33:48.833 WARNING ⛔️ Error while parsing file:///root/shell/convert.sh: syntax error
[Warn  - 오후 2:33:49] 05:33:49.094 WARNING ⛔️ Error while parsing file:///root/shell/convert.sh: syntax error
[Warn  - 오후 2:33:49] 05:33:49.714 WARNING ⛔️ Error while parsing file:///root/shell/convert.sh: syntax error
[Warn  - 오후 2:33:50] 05:33:50.201 WARNING ⛔️ Error while parsing file:///root/shell/convert.sh: syntax error
[Warn  - 오후 2:33:50] 05:33:50.914 WARNING ⛔️ Error while parsing file:///root/shell/convert.sh: syntax error
[Warn  - 오후 2:33:51] 05:33:51.841 WARNING ⛔️ Error while parsing file:///root/shell/convert.sh: syntax error
[Warn  - 오후 2:33:53] 05:33:53.650 WARNING ⛔️ Error while parsing file:///root/shell/convert.sh: syntax error
[Warn  - 오후 2:33:54] 05:33:54.033 WARNING ⛔️ Error while parsing file:///root/shell/convert.sh: syntax error
[Warn  - 오후 2:43:24] 05:43:24.105 WARNING ⛔️ Error while parsing file:///root/shell/server_check.sh: syntax error
[Warn  - 오후 2:43:25] 05:43:25.167 WARNING ⛔️ Error while parsing file:///root/shell/server_check.sh: syntax error
[Warn  - 오후 2:43:25] 05:43:25.447 WARNING ⛔️ Error while parsing file:///root/shell/server_check.sh: syntax error
[Warn  - 오후 2:43:25] 05:43:25.549 WARNING ⛔️ Error while parsing file:///root/shell/server_check.sh: syntax error
[Warn  - 오후 2:43:26] 05:43:26.273 WARNING ⛔️ Error while parsing file:///root/shell/server_check.sh: syntax error
[Warn  - 오후 2:43:26] 05:43:26.792 WARNING ⛔️ Error while parsing file:///root/shell/server_check.sh: syntax error
[Warn  - 오후 2:43:27] 05:43:27.410 WARNING ⛔️ Error while parsing file:///root/shell/server_check.sh: syntax error
[Warn  - 오후 2:43:27] 05:43:27.943 WARNING ⛔️ Error while parsing file:///root/shell/server_check.sh: syntax error
[Warn  - 오후 2:48:16] 05:48:16.908 WARNING ⛔️ Error while parsing file:///root/shell/server_check.sh: syntax error
[Warn  - 오후 2:48:23] 05:48:23.276 WARNING ⛔️ Error while parsing file:///root/shell/server_check.sh: syntax error
[Warn  - 오후 2:48:23] 05:48:23.387 WARNING ⛔️ Error while parsing file:///root/shell/server_check.sh: syntax error
[Warn  - 오후 2:48:24] 05:48:24.428 WARNING ⛔️ Error while parsing file:///root/shell/server_check.sh: syntax error
[Warn  - 오후 2:48:25] 05:48:25.115 WARNING ⛔️ Error while parsing file:///root/shell/server_check.sh: syntax error
[Warn  - 오후 2:48:25] 05:48:25.532 WARNING ⛔️ Error while parsing file:///root/shell/server_check.sh: syntax error
[Warn  - 오후 2:48:25] 05:48:25.965 WARNING ⛔️ Error while parsing file:///root/shell/server_check.sh: syntax error
[Warn  - 오후 2:49:38] 05:49:38.730 WARNING ⛔️ Error while parsing file:///root/shell/server_check.sh: syntax error
[Warn  - 오후 2:49:39] 05:49:39.330 WARNING ⛔️ Error while parsing file:///root/shell/server_check.sh: syntax error
[Warn  - 오후 2:49:41] 05:49:41.040 WARNING ⛔️ Error while parsing file:///root/shell/server_check.sh: syntax error
[Warn  - 오후 2:49:41] 05:49:41.498 WARNING ⛔️ Error while parsing file:///root/shell/server_check.sh: syntax error
[Warn  - 오후 2:49:42] 05:49:42.029 WARNING ⛔️ Error while parsing file:///root/shell/server_check.sh: syntax error
[Warn  - 오후 2:49:42] 05:49:42.449 WARNING ⛔️ Error while parsing file:///root/shell/server_check.sh: syntax error
[Warn  - 오후 2:49:42] 05:49:42.996 WARNING ⛔️ Error while parsing file:///root/shell/server_check.sh: syntax error
[Warn  - 오후 2:49:43] 05:49:43.097 WARNING ⛔️ Error while parsing file:///root/shell/server_check.sh: syntax error
[Warn  - 오후 2:49:44] 05:49:44.468 WARNING ⛔️ Error while parsing file:///root/shell/server_check.sh: syntax error
[Warn  - 오후 2:49:45] 05:49:45.081 WARNING ⛔️ Error while parsing file:///root/shell/server_check.sh: syntax error
[Warn  - 오후 2:49:45] 05:49:45.333 WARNING ⛔️ Error while parsing file:///root/shell/server_check.sh: syntax error
[Warn  - 오후 2:49:45] 05:49:45.979 WARNING ⛔️ Error while parsing file:///root/shell/server_check.sh: syntax error
[Warn  - 오후 2:52:55] 05:52:55.692 WARNING ⛔️ Error while parsing file:///root/shell/server_check.sh: syntax error
[Warn  - 오후 2:52:56] 05:52:56.689 WARNING ⛔️ Error while parsing file:///root/shell/server_check.sh: syntax error
[Warn  - 오후 2:52:59] 05:52:59.529 WARNING ⛔️ Error while parsing file:///root/shell/server_check.sh: syntax error
[Warn  - 오후 2:52:59] 05:52:59.635 WARNING ⛔️ Error while parsing file:///root/shell/server_check.sh: syntax error
[Warn  - 오후 2:52:59] 05:52:59.669 WARNING ⛔️ Error while parsing file:///root/shell/server_check.sh: syntax error
[Warn  - 오후 2:53:00] 05:53:00.837 WARNING ⛔️ Error while parsing file:///root/shell/server_check.sh: syntax error
[Warn  - 오후 2:53:01] 05:53:01.417 WARNING ⛔️ Error while parsing file:///root/shell/server_check.sh: syntax error
[Warn  - 오후 2:53:02] 05:53:02.959 WARNING ⛔️ Error while parsing file:///root/shell/server_check.sh: syntax error
[Warn  - 오후 2:53:03] 05:53:03.021 WARNING ⛔️ Error while parsing file:///root/shell/server_check.sh: syntax error
[Warn  - 오후 2:53:03] 05:53:03.200 WARNING ⛔️ Error while parsing file:///root/shell/server_check.sh: syntax error
[Warn  - 오후 2:53:17] 05:53:17.961 WARNING ⛔️ Error while parsing file:///root/shell/server_check.sh: syntax error
[Warn  - 오후 2:53:49] 05:53:49.984 WARNING ⛔️ Error while parsing file:///root/shell/server_check.sh: syntax error
[Warn  - 오후 2:53:57] 05:53:57.510 WARNING ⛔️ Error while parsing file:///root/shell/server_check.sh: syntax error
[Warn  - 오후 2:56:08] 05:56:08.286 WARNING ⛔️ Error while parsing file:///root/shell/server_check.sh: syntax error
[Warn  - 오후 2:56:10] 05:56:10.154 WARNING ⛔️ Error while parsing file:///root/shell/server_check.sh: syntax error
[Warn  - 오후 2:56:12] 05:56:12.405 WARNING ⛔️ Error while parsing file:///root/shell/server_check.sh: syntax error
[Warn  - 오후 2:56:13] 05:56:13.389 WARNING ⛔️ Error while parsing file:///root/shell/server_check.sh: syntax error
[Warn  - 오후 2:56:23] 05:56:23.374 WARNING ⛔️ Error while parsing file:///root/shell/server_check.sh: syntax error
[Warn  - 오후 2:56:23] 05:56:23.475 WARNING ⛔️ Error while parsing file:///root/shell/server_check.sh: syntax error
[Warn  - 오후 2:56:24] 05:56:24.342 WARNING ⛔️ Error while parsing file:///root/shell/server_check.sh: syntax error
[Warn  - 오후 3:14:23] 06:14:23.549 WARNING ⛔️ Error while parsing file:///root/shell/server_check.sh: syntax error
[Warn  - 오후 3:15:10] 06:15:10.534 WARNING ⛔️ Error while parsing file:///root/shell/server_check.sh: syntax error
[Warn  - 오후 3:15:10] 06:15:10.790 WARNING ⛔️ Error while parsing file:///root/shell/server_check.sh: syntax error
[Warn  - 오후 3:15:12] 06:15:12.077 WARNING ⛔️ Error while parsing file:///root/shell/server_check.sh: syntax error
[Warn  - 오후 3:15:13] 06:15:13.139 WARNING ⛔️ Error while parsing file:///root/shell/server_check.sh: syntax error
[Warn  - 오후 3:15:13] 06:15:13.660 WARNING ⛔️ Error while parsing file:///root/shell/server_check.sh: syntax error
[Warn  - 오후 3:15:14] 06:15:14.468 WARNING ⛔️ Error while parsing file:///root/shell/server_check.sh: syntax error
[Warn  - 오후 3:15:15] 06:15:15.565 WARNING ⛔️ Error while parsing file:///root/shell/server_check.sh: syntax error
[Warn  - 오후 3:15:16] 06:15:16.372 WARNING ⛔️ Error while parsing file:///root/shell/server_check.sh: syntax error
[Warn  - 오후 3:15:17] 06:15:17.358 WARNING ⛔️ Error while parsing file:///root/shell/server_check.sh: syntax error
[Warn  - 오후 3:15:32] 06:15:32.570 WARNING ⛔️ Error while parsing file:///root/shell/server_check.sh: syntax error
[Warn  - 오후 3:15:54] 06:15:54.595 WARNING ⛔️ Error while parsing file:///root/shell/server_check.sh: syntax error
[Warn  - 오후 3:16:11] 06:16:11.555 WARNING ⛔️ Error while parsing file:///root/shell/server_check.sh: syntax error
[Warn  - 오후 3:16:13] 06:16:13.867 WARNING ⛔️ Error while parsing file:///root/shell/server_check.sh: syntax error
[Warn  - 오후 3:16:14] 06:16:14.162 WARNING ⛔️ Error while parsing file:///root/shell/server_check.sh: syntax error
[Warn  - 오후 3:16:14] 06:16:14.562 WARNING ⛔️ Error while parsing file:///root/shell/server_check.sh: syntax error
[Warn  - 오후 3:16:14] 06:16:14.668 WARNING ⛔️ Error while parsing file:///root/shell/server_check.sh: syntax error
[Warn  - 오후 3:16:15] 06:16:15.466 WARNING ⛔️ Error while parsing file:///root/shell/server_check.sh: syntax error
[Warn  - 오후 3:16:16] 06:16:16.586 WARNING ⛔️ Error while parsing file:///root/shell/server_check.sh: syntax error
[Warn  - 오후 3:17:59] 06:17:59.689 WARNING ⛔️ Error while parsing file:///root/shell/server_check.sh: syntax error
[Warn  - 오후 3:19:51] 06:19:51.465 WARNING ⛔️ Error while parsing file:///root/shell/server_check.sh: syntax error
[Warn  - 오후 3:20:38] 06:20:38.303 WARNING ⛔️ Error while parsing file:///root/shell/server_check.sh: syntax error
[Warn  - 오후 3:20:41] 06:20:41.271 WARNING ⛔️ Error while parsing file:///root/shell/server_check.sh: syntax error
[Warn  - 오후 3:20:47] 06:20:47.361 WARNING ⛔️ Error while parsing file:///root/shell/server_check.sh: syntax error
[Warn  - 오후 3:20:48] 06:20:48.463 WARNING ⛔️ Error while parsing file:///root/shell/server_check.sh: syntax error
[Warn  - 오후 3:20:49] 06:20:49.381 WARNING ⛔️ Error while parsing file:///root/shell/server_check.sh: syntax error
[Warn  - 오후 3:20:49] 06:20:49.863 WARNING ⛔️ Error while parsing file:///root/shell/server_check.sh: syntax error
[Warn  - 오후 3:21:25] 06:21:25.760 WARNING ⛔️ Error while parsing file:///root/shell/server_check.sh: syntax error
[Warn  - 오후 3:21:27] 06:21:27.238 WARNING ⛔️ Error while parsing file:///root/shell/server_check.sh: syntax error
[Warn  - 오후 3:21:29] 06:21:29.137 WARNING ⛔️ Error while parsing file:///root/shell/server_check.sh: syntax error
[Warn  - 오후 3:21:47] 06:21:47.645 WARNING ⛔️ Error while parsing file:///root/shell/server_check.sh: syntax error
[Warn  - 오후 3:21:48] 06:21:48.205 WARNING ⛔️ Error while parsing file:///root/shell/server_check.sh: syntax error
[Warn  - 오후 3:21:48] 06:21:48.305 WARNING ⛔️ Error while parsing file:///root/shell/server_check.sh: syntax error
[Warn  - 오후 3:21:49] 06:21:49.622 WARNING ⛔️ Error while parsing file:///root/shell/server_check.sh: syntax error
[Warn  - 오후 3:21:50] 06:21:50.918 WARNING ⛔️ Error while parsing file:///root/shell/server_check.sh: syntax error
[Warn  - 오후 3:21:51] 06:21:51.018 WARNING ⛔️ Error while parsing file:///root/shell/server_check.sh: syntax error
[Warn  - 오후 3:22:54] 06:22:54.503 WARNING ⛔️ Error while parsing file:///root/shell/server_check.sh: syntax error
[Warn  - 오후 3:24:32] 06:24:32.715 WARNING ⛔️ Error while parsing file:///root/shell/server_check.sh: syntax error
[Warn  - 오후 3:26:15] 06:26:15.948 WARNING ⛔️ Error while parsing file:///root/shell/server_check.sh: syntax error
[Warn  - 오후 3:28:04] 06:28:04.775 WARNING ⛔️ Error while parsing file:///root/shell/server_check.sh: syntax error
[Warn  - 오후 3:28:04] 06:28:04.978 WARNING ⛔️ Error while parsing file:///root/shell/server_check.sh: syntax error
[Warn  - 오후 3:28:05] 06:28:05.281 WARNING ⛔️ Error while parsing file:///root/shell/server_check.sh: syntax error
[Warn  - 오후 3:28:05] 06:28:05.424 WARNING ⛔️ Error while parsing file:///root/shell/server_check.sh: syntax error
[Warn  - 오후 3:28:05] 06:28:05.801 WARNING ⛔️ Error while parsing file:///root/shell/server_check.sh: syntax error
[Warn  - 오후 3:28:06] 06:28:06.273 WARNING ⛔️ Error while parsing file:///root/shell/server_check.sh: syntax error
[Warn  - 오후 3:28:06] 06:28:06.808 WARNING ⛔️ Error while parsing file:///root/shell/server_check.sh: syntax error
[Warn  - 오후 3:28:07] 06:28:07.256 WARNING ⛔️ Error while parsing file:///root/shell/server_check.sh: syntax error
[Warn  - 오후 3:28:07] 06:28:07.351 WARNING ⛔️ Error while parsing file:///root/shell/server_check.sh: syntax error
[Warn  - 오후 3:28:08] 06:28:08.225 WARNING ⛔️ Error while parsing file:///root/shell/server_check.sh: syntax error
[Warn  - 오후 3:28:08] 06:28:08.817 WARNING ⛔️ Error while parsing file:///root/shell/server_check.sh: syntax error
[Warn  - 오후 3:28:09] 06:28:09.091 WARNING ⛔️ Error while parsing file:///root/shell/server_check.sh: syntax error
[Warn  - 오후 3:28:09] 06:28:09.187 WARNING ⛔️ Error while parsing file:///root/shell/server_check.sh: syntax error
[Warn  - 오후 3:28:09] 06:28:09.287 WARNING ⛔️ Error while parsing file:///root/shell/server_check.sh: syntax error
[Warn  - 오후 3:28:10] 06:28:10.017 WARNING ⛔️ Error while parsing file:///root/shell/server_check.sh: syntax error
[Warn  - 오후 3:28:10] 06:28:10.080 WARNING ⛔️ Error while parsing file:///root/shell/server_check.sh: syntax error
[Warn  - 오후 3:28:10] 06:28:10.242 WARNING ⛔️ Error while parsing file:///root/shell/server_check.sh: syntax error
[Warn  - 오후 3:28:25] 06:28:25.033 WARNING ⛔️ Error while parsing file:///root/shell/server_check.sh: syntax error
[Warn  - 오후 3:28:26] 06:28:26.022 WARNING ⛔️ Error while parsing file:///root/shell/server_check.sh: syntax error
[Warn  - 오후 3:28:26] 06:28:26.513 WARNING ⛔️ Error while parsing file:///root/shell/server_check.sh: syntax error
[Warn  - 오후 3:28:26] 06:28:26.963 WARNING ⛔️ Error while parsing file:///root/shell/server_check.sh: syntax error
[Warn  - 오후 3:28:27] 06:28:27.553 WARNING ⛔️ Error while parsing file:///root/shell/server_check.sh: syntax error
[Warn  - 오후 3:28:28] 06:28:28.065 WARNING ⛔️ Error while parsing file:///root/shell/server_check.sh: syntax error
[Warn  - 오후 3:28:28] 06:28:28.585 WARNING ⛔️ Error while parsing file:///root/shell/server_check.sh: syntax error
[Warn  - 오후 3:28:29] 06:28:29.344 WARNING ⛔️ Error while parsing file:///root/shell/server_check.sh: syntax error
[Warn  - 오후 3:28:30] 06:28:30.081 WARNING ⛔️ Error while parsing file:///root/shell/server_check.sh: syntax error
[Warn  - 오후 3:28:31] 06:28:31.171 WARNING ⛔️ Error while parsing file:///root/shell/server_check.sh: syntax error
[Warn  - 오후 3:28:31] 06:28:31.440 WARNING ⛔️ Error while parsing file:///root/shell/server_check.sh: syntax error
[Warn  - 오후 3:28:32] 06:28:32.395 WARNING ⛔️ Error while parsing file:///root/shell/server_check.sh: syntax error
[Warn  - 오후 3:28:32] 06:28:32.857 WARNING ⛔️ Error while parsing file:///root/shell/server_check.sh: syntax error
[Warn  - 오후 3:28:41] 06:28:41.048 WARNING ⛔️ Error while parsing file:///root/shell/server_check.sh: syntax error
[Warn  - 오후 3:28:41] 06:28:41.307 WARNING ⛔️ Error while parsing file:///root/shell/server_check.sh: syntax error
[Warn  - 오후 3:28:41] 06:28:41.416 WARNING ⛔️ Error while parsing file:///root/shell/server_check.sh: syntax error
[Warn  - 오후 3:28:41] 06:28:41.879 WARNING ⛔️ Error while parsing file:///root/shell/server_check.sh: syntax error
[Warn  - 오후 3:28:42] 06:28:42.385 WARNING ⛔️ Error while parsing file:///root/shell/server_check.sh: syntax error
[Warn  - 오후 3:28:44] 06:28:44.030 WARNING ⛔️ Error while parsing file:///root/shell/server_check.sh: syntax error
[Warn  - 오후 3:28:45] 06:28:45.026 WARNING ⛔️ Error while parsing file:///root/shell/server_check.sh: syntax error
[Warn  - 오후 3:30:11] 06:30:11.654 WARNING ⛔️ Error while parsing file:///root/shell/server_check.sh: syntax error
[Warn  - 오후 3:30:12] 06:30:12.087 WARNING ⛔️ Error while parsing file:///root/shell/server_check.sh: syntax error
[Warn  - 오후 3:33:06] 06:33:06.191 WARNING ⛔️ Error while parsing file:///root/shell/server_check.sh: syntax error
[Warn  - 오후 3:33:52] 06:33:52.947 WARNING ⛔️ Error while parsing file:///root/shell/server_check.sh: syntax error
[Warn  - 오후 3:41:01] 06:41:01.568 WARNING ⛔️ Error while parsing file:///root/shell/server_check.sh: syntax error
[Warn  - 오후 3:43:29] 06:43:29.280 WARNING ⛔️ Error while parsing file:///root/shell/test.sh: syntax error
[Warn  - 오후 3:43:29] 06:43:29.604 WARNING ⛔️ Error while parsing file:///root/shell/test.sh: syntax error
[Warn  - 오후 3:43:29] 06:43:29.821 WARNING ⛔️ Error while parsing file:///root/shell/test.sh: syntax error
[Warn  - 오후 3:43:29] 06:43:29.960 WARNING ⛔️ Error while parsing file:///root/shell/test.sh: syntax error
[Warn  - 오후 3:43:30] 06:43:30.874 WARNING ⛔️ Error while parsing file:///root/shell/test.sh: syntax error
[Warn  - 오후 3:43:31] 06:43:31.778 WARNING ⛔️ Error while parsing file:///root/shell/test.sh: syntax error
[Warn  - 오후 3:43:33] 06:43:33.386 WARNING ⛔️ Error while parsing file:///root/shell/test.sh: syntax error
[Warn  - 오후 3:43:34] 06:43:34.575 WARNING ⛔️ Error while parsing file:///root/shell/test.sh: syntax error
[Warn  - 오후 3:43:35] 06:43:35.226 WARNING ⛔️ Error while parsing file:///root/shell/test.sh: syntax error
[Warn  - 오후 3:43:35] 06:43:35.419 WARNING ⛔️ Error while parsing file:///root/shell/test.sh: syntax error
[Warn  - 오후 3:43:35] 06:43:35.514 WARNING ⛔️ Error while parsing file:///root/shell/test.sh: syntax error
[Warn  - 오후 3:43:35] 06:43:35.621 WARNING ⛔️ Error while parsing file:///root/shell/test.sh: syntax error
[Warn  - 오후 3:43:36] 06:43:36.369 WARNING ⛔️ Error while parsing file:///root/shell/test.sh: syntax error
[Warn  - 오후 3:43:37] 06:43:37.842 WARNING ⛔️ Error while parsing file:///root/shell/test.sh: syntax error
[Warn  - 오후 3:43:38] 06:43:38.403 WARNING ⛔️ Error while parsing file:///root/shell/test.sh: syntax error
[Warn  - 오후 3:43:38] 06:43:38.628 WARNING ⛔️ Error while parsing file:///root/shell/test.sh: syntax error
[Warn  - 오후 3:43:38] 06:43:38.696 WARNING ⛔️ Error while parsing file:///root/shell/test.sh: syntax error
[Warn  - 오후 3:43:39] 06:43:39.307 WARNING ⛔️ Error while parsing file:///root/shell/test.sh: syntax error
[Warn  - 오후 3:43:39] 06:43:39.325 WARNING ⛔️ Error while parsing file:///root/shell/test.sh: syntax error
[Warn  - 오후 3:43:39] 06:43:39.376 WARNING ⛔️ Error while parsing file:///root/shell/test.sh: syntax error
[Warn  - 오후 3:43:39] 06:43:39.531 WARNING ⛔️ Error while parsing file:///root/shell/test.sh: syntax error
[Warn  - 오후 3:43:54] 06:43:54.193 WARNING ⛔️ Error while parsing file:///root/shell/test.sh: syntax error
[Warn  - 오후 3:45:47] 06:45:47.648 WARNING ⛔️ Error while parsing file:///root/shell/test.sh: syntax error
[Warn  - 오후 3:48:08] 06:48:08.512 WARNING ⛔️ Error while parsing file:///root/shell/server_check.sh: syntax error
[Warn  - 오후 3:48:09] 06:48:09.520 WARNING ⛔️ Error while parsing file:///root/shell/server_check.sh: syntax error
[Warn  - 오후 3:48:10] 06:48:10.263 WARNING ⛔️ Error while parsing file:///root/shell/server_check.sh: syntax error
[Warn  - 오후 3:49:59] 06:49:59.310 WARNING ⛔️ Error while parsing file:///root/shell/server_check.sh: syntax error
[Warn  - 오후 3:50:00] 06:50:00.093 WARNING ⛔️ Error while parsing file:///root/shell/server_check.sh: syntax error
[Warn  - 오후 3:50:00] 06:50:00.741 WARNING ⛔️ Error while parsing file:///root/shell/server_check.sh: syntax error
[Warn  - 오후 3:51:52] 06:51:52.676 WARNING ⛔️ Error while parsing file:///root/shell/server_check.sh: syntax error
[Warn  - 오후 3:51:54] 06:51:54.188 WARNING ⛔️ Error while parsing file:///root/shell/server_check.sh: syntax error
[Warn  - 오후 3:51:54] 06:51:54.971 WARNING ⛔️ Error while parsing file:///root/shell/server_check.sh: syntax error
[Warn  - 오후 3:54:04] 06:54:04.888 WARNING ⛔️ Error while parsing file:///root/shell/server_check.sh: syntax error
[Warn  - 오후 3:54:23] 06:54:23.695 WARNING ⛔️ Error while parsing file:///root/shell/server_check.sh: syntax error
[Warn  - 오후 3:54:41] 06:54:41.520 WARNING ⛔️ Error while parsing file:///root/shell/server_check.sh: syntax error
[Warn  - 오후 3:54:43] 06:54:43.057 WARNING ⛔️ Error while parsing file:///root/shell/server_check.sh: syntax error
