2024-10-02 12:17:32.891 [info] Extension host with pid 3591 started
2024-10-02 12:17:32.951 [info] ExtensionService#_doActivateExtension vscode.git-base, startup: true, activationEvent: '*', root cause: vscode.git
2024-10-02 12:17:32.965 [info] ExtensionService#_doActivateExtension vscode.git, startup: true, activationEvent: '*'
2024-10-02 12:17:33.018 [info] ExtensionService#_doActivateExtension vscode.github, startup: true, activationEvent: '*'
2024-10-02 12:17:33.097 [info] Eager extensions activated
2024-10-02 12:17:33.105 [info] ExtensionService#_doActivateExtension vscode.debug-auto-launch, startup: false, activationEvent: 'onStartupFinished'
2024-10-02 12:17:33.108 [info] ExtensionService#_doActivateExtension vscode.merge-conflict, startup: false, activationEvent: 'onStartupFinished'
2024-10-02 12:17:34.552 [info] ExtensionService#_doActivateExtension vscode.configuration-editing, startup: false, activationEvent: 'onLanguage:jsonc'
2024-10-02 12:17:34.562 [info] ExtensionService#_doActivateExtension vscode.json-language-features, startup: false, activationEvent: 'onLanguage:jsonc'
2024-10-02 12:17:34.606 [info] ExtensionService#_doActivateExtension vscode.typescript-language-features, startup: false, activationEvent: 'onLanguage:jsonc'
2024-10-02 12:17:34.649 [info] ExtensionService#_doActivateExtension vscode.emmet, startup: false, activationEvent: 'onLanguage'
2024-10-02 12:17:39.239 [info] Extension host terminating: renderer closed the MessagePort
2024-10-02 12:17:39.253 [info] Extension host with pid 3591 exiting with code 0
2024-10-02 12:17:39.874 [info] Extension host with pid 3731 started
2024-10-02 12:17:39.874 [info] Skipping acquiring lock for /root/shell/~/vscode/User/workspaceStorage/70555140aa7cdd8788cb10703e881f5a.
2024-10-02 12:17:39.937 [info] ExtensionService#_doActivateExtension vscode.git-base, startup: true, activationEvent: '*'
2024-10-02 12:17:39.971 [info] ExtensionService#_doActivateExtension vscode.github, startup: true, activationEvent: '*'
2024-10-02 12:17:40.009 [info] Eager extensions activated
2024-10-02 12:17:40.088 [info] ExtensionService#_doActivateExtension vscode.debug-auto-launch, startup: false, activationEvent: 'onStartupFinished'
2024-10-02 12:17:40.089 [info] ExtensionService#_doActivateExtension vscode.merge-conflict, startup: false, activationEvent: 'onStartupFinished'
2024-10-02 12:17:41.397 [info] ExtensionService#_doActivateExtension vscode.git, startup: false, activationEvent: 'api', root cause: vscode.github
2024-10-02 12:17:49.515 [info] ExtensionService#_doActivateExtension mads-hartmann.bash-ide-vscode, startup: false, activationEvent: 'onLanguage:shellscript'
2024-10-02 12:17:49.625 [info] ExtensionService#_doActivateExtension vscode.emmet, startup: false, activationEvent: 'onLanguage'
2024-10-02 13:25:10.121 [info] Extension host terminating: renderer closed the MessagePort
2024-10-02 13:25:10.129 [info] Extension host with pid 3731 exiting with code 0
2024-10-02 13:25:11.089 [info] Extension host with pid 4660 started
2024-10-02 13:25:11.089 [info] Skipping acquiring lock for /root/shell/~/vscode/User/workspaceStorage/14f8388813d1fb3898b3bb9c9321eb12.
2024-10-02 13:25:11.161 [info] ExtensionService#_doActivateExtension vscode.git-base, startup: true, activationEvent: '*', root cause: vscode.git
2024-10-02 13:25:11.177 [info] ExtensionService#_doActivateExtension vscode.git, startup: true, activationEvent: '*'
2024-10-02 13:25:11.195 [info] ExtensionService#_doActivateExtension vscode.github, startup: true, activationEvent: '*'
2024-10-02 13:25:11.247 [info] Eager extensions activated
2024-10-02 13:25:11.280 [info] ExtensionService#_doActivateExtension vscode.debug-auto-launch, startup: false, activationEvent: 'onStartupFinished'
2024-10-02 13:25:11.282 [info] ExtensionService#_doActivateExtension vscode.merge-conflict, startup: false, activationEvent: 'onStartupFinished'
2024-10-02 13:25:12.749 [info] ExtensionService#_doActivateExtension mads-hartmann.bash-ide-vscode, startup: false, activationEvent: 'onLanguage:shellscript'
2024-10-02 13:25:12.785 [info] ExtensionService#_doActivateExtension vscode.emmet, startup: false, activationEvent: 'onLanguage'
2024-10-02 13:29:34.348 [info] Extension host terminating: renderer closed the MessagePort
2024-10-02 13:29:34.355 [info] Extension host with pid 4660 exiting with code 0
2024-10-02 13:29:35.373 [info] Extension host with pid 4902 started
2024-10-02 13:29:35.373 [info] Skipping acquiring lock for /root/shell/~/vscode/User/workspaceStorage/70555140aa7cdd8788cb10703e881f5a.
2024-10-02 13:29:35.467 [info] ExtensionService#_doActivateExtension vscode.emmet, startup: false, activationEvent: 'onLanguage'
2024-10-02 13:29:35.471 [info] ExtensionService#_doActivateExtension mads-hartmann.bash-ide-vscode, startup: false, activationEvent: 'onLanguage:shellscript'
2024-10-02 13:29:35.907 [info] ExtensionService#_doActivateExtension vscode.git-base, startup: true, activationEvent: '*', root cause: vscode.git
2024-10-02 13:29:35.910 [info] ExtensionService#_doActivateExtension vscode.git, startup: true, activationEvent: '*'
2024-10-02 13:29:35.928 [info] ExtensionService#_doActivateExtension vscode.github, startup: true, activationEvent: '*'
2024-10-02 13:29:35.962 [info] Eager extensions activated
2024-10-02 13:29:35.978 [info] ExtensionService#_doActivateExtension vscode.debug-auto-launch, startup: false, activationEvent: 'onStartupFinished'
2024-10-02 13:29:35.980 [info] ExtensionService#_doActivateExtension vscode.merge-conflict, startup: false, activationEvent: 'onStartupFinished'
2024-10-02 15:56:44.583 [info] Extension host terminating: renderer closed the MessagePort
2024-10-02 15:56:44.591 [info] Extension host with pid 4902 exiting with code 0
