[Warn  - 오전 10:44:22] 01:44:22.149 WARNING ⛔️ Environment variable configuration is being deprecated, please use workspace configuration. The following environment variables were used: shfmt
[Info  - 오전 10:44:22] 01:44:22.170 INFO BackgroundAnalysis: resolving glob "**/*@(.sh|.inc|.bash|.command)" inside "file:///root/shell"...
[Info  - 오전 10:44:22] 01:44:22.183 INFO BackgroundAnalysis: Glob resolved with 20 files after 0.013 seconds
[Warn  - 오전 10:44:22] 01:44:22.207 WARNING ⛔️ Error while parsing file:///root/shell/userdel.sh: syntax error
[Info  - 오전 10:44:22] 01:44:22.217 INFO BackgroundAnalysis: Completed after 0.047 seconds.
[Warn  - 오전 10:44:22] 01:44:22.676 WARNING ⛔️ ShellCheck: disabling linting as no executable was found at path 'shellcheck'
[Warn  - 오전 10:44:29] 01:44:29.707 WARNING ⛔️ Error while parsing file:///root/shell/project01/ENV1.sh: syntax error
[Warn  - 오전 10:44:30] 01:44:30.427 WARNING ⛔️ Error while parsing file:///root/shell/project01/ENV1.sh: syntax error
[Warn  - 오전 10:44:30] 01:44:30.858 WARNING ⛔️ Error while parsing file:///root/shell/project01/ENV1.sh: syntax error
[Warn  - 오전 10:44:31] 01:44:31.449 WARNING ⛔️ Error while parsing file:///root/shell/project01/ENV1.sh: syntax error
[Warn  - 오전 10:44:36] 01:44:36.544 WARNING ⛔️ Error while parsing file:///root/shell/project01/ENV1.sh: syntax error
[Warn  - 오전 10:44:37] 01:44:37.562 WARNING ⛔️ Error while parsing file:///root/shell/project01/ENV1.sh: syntax error
[Warn  - 오전 10:44:37] 01:44:37.667 WARNING ⛔️ Error while parsing file:///root/shell/project01/ENV1.sh: syntax error
[Warn  - 오전 10:44:38] 01:44:38.989 WARNING ⛔️ Error while parsing file:///root/shell/project01/ENV1.sh: syntax error
[Warn  - 오전 10:44:39] 01:44:39.738 WARNING ⛔️ Error while parsing file:///root/shell/project01/ENV1.sh: syntax error
[Warn  - 오전 10:44:40] 01:44:40.071 WARNING ⛔️ Error while parsing file:///root/shell/project01/ENV1.sh: syntax error
[Warn  - 오전 10:44:40] 01:44:40.682 WARNING ⛔️ Error while parsing file:///root/shell/project01/ENV1.sh: syntax error
[Warn  - 오전 10:44:41] 01:44:41.320 WARNING ⛔️ Error while parsing file:///root/shell/project01/ENV1.sh: syntax error
[Warn  - 오전 10:44:47] 01:44:47.377 WARNING ⛔️ Error while parsing file:///root/shell/project01/ENV1.sh: syntax error
[Warn  - 오전 10:44:47] 01:44:47.650 WARNING ⛔️ Error while parsing file:///root/shell/project01/ENV1.sh: syntax error
[Warn  - 오전 10:44:48] 01:44:48.067 WARNING ⛔️ Error while parsing file:///root/shell/project01/ENV1.sh: syntax error
[Warn  - 오전 10:46:33] 01:46:33.959 WARNING ⛔️ Error while parsing file:///root/shell/project01/ENV1.sh: syntax error
[Warn  - 오전 10:46:34] 01:46:34.895 WARNING ⛔️ Error while parsing file:///root/shell/project01/ENV1.sh: syntax error
[Warn  - 오전 10:46:35] 01:46:35.696 WARNING ⛔️ Error while parsing file:///root/shell/project01/ENV1.sh: syntax error
[Warn  - 오전 10:46:36] 01:46:36.799 WARNING ⛔️ Error while parsing file:///root/shell/project01/ENV1.sh: syntax error
[Warn  - 오전 10:46:37] 01:46:37.465 WARNING ⛔️ Error while parsing file:///root/shell/project01/ENV1.sh: syntax error
[Warn  - 오전 10:48:44] 01:48:44.165 WARNING ⛔️ Error while parsing file:///root/shell/project01/ENV1.sh: syntax error
[Warn  - 오전 10:48:44] 01:48:44.585 WARNING ⛔️ Error while parsing file:///root/shell/project01/ENV1.sh: syntax error
[Warn  - 오전 10:48:45] 01:48:45.857 WARNING ⛔️ Error while parsing file:///root/shell/project01/ENV1.sh: syntax error
[Warn  - 오전 10:48:45] 01:48:45.964 WARNING ⛔️ Error while parsing file:///root/shell/project01/ENV1.sh: syntax error
[Warn  - 오전 10:48:46] 01:48:46.720 WARNING ⛔️ Error while parsing file:///root/shell/project01/ENV1.sh: syntax error
[Warn  - 오전 10:48:46] 01:48:46.821 WARNING ⛔️ Error while parsing file:///root/shell/project01/ENV1.sh: syntax error
[Warn  - 오전 10:48:47] 01:48:47.119 WARNING ⛔️ Error while parsing file:///root/shell/project01/ENV1.sh: syntax error
[Warn  - 오전 10:48:48] 01:48:48.277 WARNING ⛔️ Error while parsing file:///root/shell/project01/ENV1.sh: syntax error
[Warn  - 오전 10:48:50] 01:48:50.695 WARNING ⛔️ Error while parsing file:///root/shell/project01/ENV1.sh: syntax error
[Warn  - 오전 10:48:50] 01:48:50.823 WARNING ⛔️ Error while parsing file:///root/shell/project01/ENV1.sh: syntax error
[Warn  - 오전 10:48:51] 01:48:51.083 WARNING ⛔️ Error while parsing file:///root/shell/project01/ENV1.sh: syntax error
[Warn  - 오전 10:48:51] 01:48:51.558 WARNING ⛔️ Error while parsing file:///root/shell/project01/ENV1.sh: syntax error
[Warn  - 오전 10:48:51] 01:48:51.967 WARNING ⛔️ Error while parsing file:///root/shell/project01/ENV1.sh: syntax error
[Warn  - 오전 10:48:53] 01:48:53.422 WARNING ⛔️ Error while parsing file:///root/shell/project01/ENV1.sh: syntax error
[Warn  - 오전 10:48:53] 01:48:53.981 WARNING ⛔️ Error while parsing file:///root/shell/project01/ENV1.sh: syntax error
[Warn  - 오전 10:48:54] 01:48:54.560 WARNING ⛔️ Error while parsing file:///root/shell/project01/ENV1.sh: syntax error
[Warn  - 오전 10:48:55] 01:48:55.841 WARNING ⛔️ Error while parsing file:///root/shell/project01/ENV1.sh: syntax error
[Warn  - 오전 10:51:04] 01:51:04.102 WARNING ⛔️ Error while parsing file:///root/shell/project01/ENV1.sh: syntax error
[Warn  - 오전 10:51:04] 01:51:04.579 WARNING ⛔️ Error while parsing file:///root/shell/project01/ENV1.sh: syntax error
[Warn  - 오전 10:51:04] 01:51:04.929 WARNING ⛔️ Error while parsing file:///root/shell/project01/ENV1.sh: syntax error
[Warn  - 오전 10:51:05] 01:51:05.284 WARNING ⛔️ Error while parsing file:///root/shell/project01/ENV1.sh: syntax error
[Warn  - 오전 10:51:06] 01:51:06.517 WARNING ⛔️ Error while parsing file:///root/shell/project01/ENV1.sh: syntax error
[Warn  - 오전 10:51:06] 01:51:06.907 WARNING ⛔️ Error while parsing file:///root/shell/project01/ENV1.sh: syntax error
[Warn  - 오전 10:51:07] 01:51:07.522 WARNING ⛔️ Error while parsing file:///root/shell/project01/ENV1.sh: syntax error
[Warn  - 오전 10:51:12] 01:51:12.893 WARNING ⛔️ Error while parsing file:///root/shell/project01/ENV1.sh: syntax error
[Warn  - 오전 10:51:14] 01:51:14.244 WARNING ⛔️ Error while parsing file:///root/shell/project01/ENV1.sh: syntax error
[Warn  - 오전 10:51:14] 01:51:14.344 WARNING ⛔️ Error while parsing file:///root/shell/project01/ENV1.sh: syntax error
[Warn  - 오전 10:51:14] 01:51:14.956 WARNING ⛔️ Error while parsing file:///root/shell/project01/ENV1.sh: syntax error
[Warn  - 오전 10:51:17] 01:51:17.342 WARNING ⛔️ Error while parsing file:///root/shell/project01/ENV1.sh: syntax error
[Warn  - 오전 10:51:17] 01:51:17.907 WARNING ⛔️ Error while parsing file:///root/shell/project01/ENV1.sh: syntax error
[Warn  - 오전 10:51:18] 01:51:18.270 WARNING ⛔️ Error while parsing file:///root/shell/project01/ENV1.sh: syntax error
[Warn  - 오전 10:51:18] 01:51:18.891 WARNING ⛔️ Error while parsing file:///root/shell/project01/ENV1.sh: syntax error
[Warn  - 오전 10:51:19] 01:51:19.287 WARNING ⛔️ Error while parsing file:///root/shell/project01/ENV1.sh: syntax error
[Warn  - 오전 10:51:20] 01:51:20.068 WARNING ⛔️ Error while parsing file:///root/shell/project01/ENV1.sh: syntax error
[Warn  - 오전 10:51:21] 01:51:21.916 WARNING ⛔️ Error while parsing file:///root/shell/project01/ENV1.sh: syntax error
[Warn  - 오전 10:51:23] 01:51:23.172 WARNING ⛔️ Error while parsing file:///root/shell/project01/ENV1.sh: syntax error
[Warn  - 오전 10:51:23] 01:51:23.272 WARNING ⛔️ Error while parsing file:///root/shell/project01/ENV1.sh: syntax error
[Warn  - 오전 10:51:24] 01:51:24.084 WARNING ⛔️ Error while parsing file:///root/shell/project01/ENV1.sh: syntax error
[Warn  - 오전 10:51:24] 01:51:24.612 WARNING ⛔️ Error while parsing file:///root/shell/project01/ENV1.sh: syntax error
[Warn  - 오전 10:51:25] 01:51:25.666 WARNING ⛔️ Error while parsing file:///root/shell/project01/ENV1.sh: syntax error
[Warn  - 오전 10:51:26] 01:51:26.133 WARNING ⛔️ Error while parsing file:///root/shell/project01/ENV1.sh: syntax error
[Warn  - 오전 10:51:26] 01:51:26.901 WARNING ⛔️ Error while parsing file:///root/shell/project01/ENV1.sh: syntax error
[Warn  - 오전 10:51:27] 01:51:27.008 WARNING ⛔️ Error while parsing file:///root/shell/project01/ENV1.sh: syntax error
[Warn  - 오전 10:51:27] 01:51:27.830 WARNING ⛔️ Error while parsing file:///root/shell/project01/ENV1.sh: syntax error
[Warn  - 오전 10:51:28] 01:51:28.508 WARNING ⛔️ Error while parsing file:///root/shell/project01/ENV1.sh: syntax error
[Warn  - 오전 10:51:28] 01:51:28.854 WARNING ⛔️ Error while parsing file:///root/shell/project01/ENV1.sh: syntax error
[Warn  - 오전 10:51:29] 01:51:29.207 WARNING ⛔️ Error while parsing file:///root/shell/project01/ENV1.sh: syntax error
[Warn  - 오전 10:53:02] 01:53:02.013 WARNING ⛔️ Error while parsing file:///root/shell/project01/ENV1.sh: syntax error
[Warn  - 오전 10:53:02] 01:53:02.331 WARNING ⛔️ Error while parsing file:///root/shell/project01/ENV1.sh: syntax error
[Warn  - 오전 10:53:02] 01:53:02.611 WARNING ⛔️ Error while parsing file:///root/shell/project01/ENV1.sh: syntax error
[Warn  - 오전 10:53:02] 01:53:02.778 WARNING ⛔️ Error while parsing file:///root/shell/project01/ENV1.sh: syntax error
[Warn  - 오전 10:53:03] 01:53:03.187 WARNING ⛔️ Error while parsing file:///root/shell/project01/ENV1.sh: syntax error
[Warn  - 오전 10:53:03] 01:53:03.403 WARNING ⛔️ Error while parsing file:///root/shell/project01/ENV1.sh: syntax error
[Warn  - 오전 10:53:06] 01:53:06.100 WARNING ⛔️ Error while parsing file:///root/shell/project01/ENV1.sh: syntax error
[Warn  - 오전 10:53:07] 01:53:07.169 WARNING ⛔️ Error while parsing file:///root/shell/project01/ENV1.sh: syntax error
[Warn  - 오전 10:53:07] 01:53:07.689 WARNING ⛔️ Error while parsing file:///root/shell/project01/ENV1.sh: syntax error
[Warn  - 오전 10:53:08] 01:53:08.458 WARNING ⛔️ Error while parsing file:///root/shell/project01/ENV1.sh: syntax error
[Warn  - 오전 10:53:08] 01:53:08.561 WARNING ⛔️ Error while parsing file:///root/shell/project01/ENV1.sh: syntax error
[Warn  - 오전 10:53:09] 01:53:09.204 WARNING ⛔️ Error while parsing file:///root/shell/project01/ENV1.sh: syntax error
[Warn  - 오전 10:53:10] 01:53:10.021 WARNING ⛔️ Error while parsing file:///root/shell/project01/ENV1.sh: syntax error
[Warn  - 오전 10:53:10] 01:53:10.706 WARNING ⛔️ Error while parsing file:///root/shell/project01/ENV1.sh: syntax error
[Warn  - 오전 10:53:10] 01:53:10.768 WARNING ⛔️ Error while parsing file:///root/shell/project01/ENV1.sh: syntax error
[Warn  - 오전 10:53:11] 01:53:11.700 WARNING ⛔️ Error while parsing file:///root/shell/project01/ENV1.sh: syntax error
[Warn  - 오전 10:53:12] 01:53:12.123 WARNING ⛔️ Error while parsing file:///root/shell/project01/ENV1.sh: syntax error
[Warn  - 오전 10:53:12] 01:53:12.281 WARNING ⛔️ Error while parsing file:///root/shell/project01/ENV1.sh: syntax error
[Warn  - 오전 10:53:12] 01:53:12.409 WARNING ⛔️ Error while parsing file:///root/shell/project01/ENV1.sh: syntax error
[Warn  - 오전 10:53:13] 01:53:13.314 WARNING ⛔️ Error while parsing file:///root/shell/project01/ENV1.sh: syntax error
[Warn  - 오전 10:53:13] 01:53:13.850 WARNING ⛔️ Error while parsing file:///root/shell/project01/ENV1.sh: syntax error
[Warn  - 오전 10:53:13] 01:53:13.951 WARNING ⛔️ Error while parsing file:///root/shell/project01/ENV1.sh: syntax error
[Warn  - 오전 10:53:14] 01:53:14.134 WARNING ⛔️ Error while parsing file:///root/shell/project01/ENV1.sh: syntax error
[Warn  - 오전 10:53:14] 01:53:14.310 WARNING ⛔️ Error while parsing file:///root/shell/project01/ENV1.sh: syntax error
[Warn  - 오전 10:53:14] 01:53:14.420 WARNING ⛔️ Error while parsing file:///root/shell/project01/ENV1.sh: syntax error
[Warn  - 오전 10:53:14] 01:53:14.714 WARNING ⛔️ Error while parsing file:///root/shell/project01/ENV1.sh: syntax error
[Warn  - 오전 10:53:15] 01:53:15.684 WARNING ⛔️ Error while parsing file:///root/shell/project01/ENV1.sh: syntax error
[Warn  - 오전 10:53:17] 01:53:17.714 WARNING ⛔️ Error while parsing file:///root/shell/project01/ENV1.sh: syntax error
[Warn  - 오전 10:53:18] 01:53:18.675 WARNING ⛔️ Error while parsing file:///root/shell/project01/ENV1.sh: syntax error
[Warn  - 오전 10:53:19] 01:53:19.097 WARNING ⛔️ Error while parsing file:///root/shell/project01/ENV1.sh: syntax error
[Warn  - 오전 10:53:19] 01:53:19.410 WARNING ⛔️ Error while parsing file:///root/shell/project01/ENV1.sh: syntax error
[Warn  - 오전 10:53:20] 01:53:20.098 WARNING ⛔️ Error while parsing file:///root/shell/project01/ENV1.sh: syntax error
[Warn  - 오전 10:53:20] 01:53:20.706 WARNING ⛔️ Error while parsing file:///root/shell/project01/ENV1.sh: syntax error
[Warn  - 오전 10:53:21] 01:53:21.331 WARNING ⛔️ Error while parsing file:///root/shell/project01/ENV1.sh: syntax error
[Warn  - 오전 10:53:21] 01:53:21.602 WARNING ⛔️ Error while parsing file:///root/shell/project01/ENV1.sh: syntax error
[Warn  - 오전 10:53:22] 01:53:22.282 WARNING ⛔️ Error while parsing file:///root/shell/project01/ENV1.sh: syntax error
[Warn  - 오전 10:53:23] 01:53:23.369 WARNING ⛔️ Error while parsing file:///root/shell/project01/ENV1.sh: syntax error
[Warn  - 오전 10:53:24] 01:53:24.218 WARNING ⛔️ Error while parsing file:///root/shell/project01/ENV1.sh: syntax error
[Warn  - 오전 10:53:25] 01:53:25.047 WARNING ⛔️ Error while parsing file:///root/shell/project01/ENV1.sh: syntax error
[Warn  - 오전 10:53:25] 01:53:25.175 WARNING ⛔️ Error while parsing file:///root/shell/project01/ENV1.sh: syntax error
[Warn  - 오전 10:53:26] 01:53:26.006 WARNING ⛔️ Error while parsing file:///root/shell/project01/ENV1.sh: syntax error
[Warn  - 오전 10:53:26] 01:53:26.748 WARNING ⛔️ Error while parsing file:///root/shell/project01/ENV1.sh: syntax error
[Warn  - 오전 10:53:26] 01:53:26.817 WARNING ⛔️ Error while parsing file:///root/shell/project01/ENV1.sh: syntax error
[Warn  - 오전 10:53:27] 01:53:27.021 WARNING ⛔️ Error while parsing file:///root/shell/project01/ENV1.sh: syntax error
[Warn  - 오전 10:54:51] 01:54:51.336 WARNING ⛔️ Error while parsing file:///root/shell/project01/ENV1.sh: syntax error
[Warn  - 오전 10:54:51] 01:54:51.785 WARNING ⛔️ Error while parsing file:///root/shell/project01/ENV1.sh: syntax error
[Warn  - 오전 10:54:52] 01:54:52.601 WARNING ⛔️ Error while parsing file:///root/shell/project01/ENV1.sh: syntax error
[Warn  - 오전 10:54:53] 01:54:53.127 WARNING ⛔️ Error while parsing file:///root/shell/project01/ENV1.sh: syntax error
[Warn  - 오전 10:54:53] 01:54:53.981 WARNING ⛔️ Error while parsing file:///root/shell/project01/ENV1.sh: syntax error
[Warn  - 오전 10:54:54] 01:54:54.083 WARNING ⛔️ Error while parsing file:///root/shell/project01/ENV1.sh: syntax error
[Warn  - 오전 10:54:54] 01:54:54.568 WARNING ⛔️ Error while parsing file:///root/shell/project01/ENV1.sh: syntax error
[Warn  - 오전 10:54:55] 01:54:55.697 WARNING ⛔️ Error while parsing file:///root/shell/project01/ENV1.sh: syntax error
[Warn  - 오전 10:54:56] 01:54:56.121 WARNING ⛔️ Error while parsing file:///root/shell/project01/ENV1.sh: syntax error
[Warn  - 오전 10:57:17] 01:57:17.904 WARNING ⛔️ Error while parsing file:///root/shell/project01/ENV1.sh: syntax error
[Warn  - 오전 10:57:18] 01:57:18.334 WARNING ⛔️ Error while parsing file:///root/shell/project01/ENV1.sh: syntax error
[Warn  - 오전 10:57:19] 01:57:19.144 WARNING ⛔️ Error while parsing file:///root/shell/project01/ENV1.sh: syntax error
[Warn  - 오전 10:57:19] 01:57:19.818 WARNING ⛔️ Error while parsing file:///root/shell/project01/ENV1.sh: syntax error
[Warn  - 오전 10:57:23] 01:57:23.426 WARNING ⛔️ Error while parsing file:///root/shell/project01/ENV1.sh: syntax error
[Warn  - 오전 10:57:23] 01:57:23.530 WARNING ⛔️ Error while parsing file:///root/shell/project01/ENV1.sh: syntax error
[Warn  - 오전 10:57:23] 01:57:23.787 WARNING ⛔️ Error while parsing file:///root/shell/project01/ENV1.sh: syntax error
[Warn  - 오전 10:57:24] 01:57:24.750 WARNING ⛔️ Error while parsing file:///root/shell/project01/ENV1.sh: syntax error
[Warn  - 오전 10:57:24] 01:57:24.850 WARNING ⛔️ Error while parsing file:///root/shell/project01/ENV1.sh: syntax error
[Warn  - 오전 10:57:25] 01:57:25.360 WARNING ⛔️ Error while parsing file:///root/shell/project01/ENV1.sh: syntax error
[Warn  - 오전 10:57:26] 01:57:26.775 WARNING ⛔️ Error while parsing file:///root/shell/project01/ENV1.sh: syntax error
[Warn  - 오전 10:57:31] 01:57:31.165 WARNING ⛔️ Error while parsing file:///root/shell/project01/ENV1.sh: syntax error
[Warn  - 오전 10:57:32] 01:57:32.061 WARNING ⛔️ Error while parsing file:///root/shell/project01/ENV1.sh: syntax error
[Warn  - 오전 10:57:32] 01:57:32.535 WARNING ⛔️ Error while parsing file:///root/shell/project01/ENV1.sh: syntax error
[Warn  - 오전 10:57:33] 01:57:33.001 WARNING ⛔️ Error while parsing file:///root/shell/project01/ENV1.sh: syntax error
[Warn  - 오전 10:57:33] 01:57:33.366 WARNING ⛔️ Error while parsing file:///root/shell/project01/ENV1.sh: syntax error
[Warn  - 오전 10:57:33] 01:57:33.962 WARNING ⛔️ Error while parsing file:///root/shell/project01/ENV1.sh: syntax error
[Warn  - 오전 10:57:34] 01:57:34.367 WARNING ⛔️ Error while parsing file:///root/shell/project01/ENV1.sh: syntax error
[Warn  - 오전 10:57:35] 01:57:35.941 WARNING ⛔️ Error while parsing file:///root/shell/project01/ENV1.sh: syntax error
[Warn  - 오전 10:57:46] 01:57:46.961 WARNING ⛔️ Error while parsing file:///root/shell/project01/ENV1.sh: syntax error
[Warn  - 오전 10:57:47] 01:57:47.257 WARNING ⛔️ Error while parsing file:///root/shell/project01/ENV1.sh: syntax error
[Warn  - 오전 10:57:49] 01:57:49.775 WARNING ⛔️ Error while parsing file:///root/shell/project01/ENV1.sh: syntax error
[Warn  - 오전 10:57:50] 01:57:50.405 WARNING ⛔️ Error while parsing file:///root/shell/project01/ENV1.sh: syntax error
[Warn  - 오전 10:57:51] 01:57:51.070 WARNING ⛔️ Error while parsing file:///root/shell/project01/ENV1.sh: syntax error
[Warn  - 오전 10:57:51] 01:57:51.445 WARNING ⛔️ Error while parsing file:///root/shell/project01/ENV1.sh: syntax error
[Warn  - 오전 10:57:52] 01:57:52.654 WARNING ⛔️ Error while parsing file:///root/shell/project01/ENV1.sh: syntax error
[Warn  - 오전 10:57:53] 01:57:53.463 WARNING ⛔️ Error while parsing file:///root/shell/project01/ENV1.sh: syntax error
[Warn  - 오전 10:57:55] 01:57:55.219 WARNING ⛔️ Error while parsing file:///root/shell/project01/ENV1.sh: syntax error
[Warn  - 오전 10:57:55] 01:57:55.870 WARNING ⛔️ Error while parsing file:///root/shell/project01/ENV1.sh: syntax error
[Warn  - 오전 10:57:56] 01:57:56.654 WARNING ⛔️ Error while parsing file:///root/shell/project01/ENV1.sh: syntax error
[Warn  - 오전 10:57:57] 01:57:57.039 WARNING ⛔️ Error while parsing file:///root/shell/project01/ENV1.sh: syntax error
[Warn  - 오전 10:57:57] 01:57:57.139 WARNING ⛔️ Error while parsing file:///root/shell/project01/ENV1.sh: syntax error
[Warn  - 오전 10:57:57] 01:57:57.783 WARNING ⛔️ Error while parsing file:///root/shell/project01/ENV1.sh: syntax error
[Warn  - 오전 10:57:58] 01:57:58.310 WARNING ⛔️ Error while parsing file:///root/shell/project01/ENV1.sh: syntax error
[Warn  - 오전 10:57:59] 01:57:59.588 WARNING ⛔️ Error while parsing file:///root/shell/project01/ENV1.sh: syntax error
[Warn  - 오전 10:59:31] 01:59:31.223 WARNING ⛔️ Error while parsing file:///root/shell/project01/ENV2.sh: syntax error
[Warn  - 오전 11:00:03] 02:00:03.387 WARNING ⛔️ file:///root/shell/project01/ENV2.sh line 9: failed to resolve path
[Warn  - 오전 11:02:35] 02:02:35.871 WARNING ⛔️ Error while parsing file:///root/shell/project01/ENV2.sh: syntax error
[Warn  - 오전 11:02:36] 02:02:36.487 WARNING ⛔️ Error while parsing file:///root/shell/project01/ENV2.sh: syntax error
[Warn  - 오전 11:03:47] 02:03:47.033 WARNING ⛔️ Error while parsing file:///root/shell/project01/ENV2.sh: syntax error
[Warn  - 오전 11:03:47] 02:03:47.134 WARNING ⛔️ Error while parsing file:///root/shell/project01/ENV2.sh: syntax error
[Warn  - 오전 11:03:51] 02:03:51.722 WARNING ⛔️ Error while parsing file:///root/shell/project01/ENV2.sh: syntax error
[Warn  - 오전 11:03:52] 02:03:52.303 WARNING ⛔️ Error while parsing file:///root/shell/project01/ENV2.sh: syntax error
[Warn  - 오전 11:03:52] 02:03:52.873 WARNING ⛔️ Error while parsing file:///root/shell/project01/ENV2.sh: syntax error
[Warn  - 오전 11:03:53] 02:03:53.289 WARNING ⛔️ Error while parsing file:///root/shell/project01/ENV2.sh: syntax error
[Warn  - 오전 11:03:54] 02:03:54.176 WARNING ⛔️ Error while parsing file:///root/shell/project01/ENV2.sh: syntax error
[Warn  - 오전 11:03:55] 02:03:55.225 WARNING ⛔️ Error while parsing file:///root/shell/project01/ENV2.sh: syntax error
[Warn  - 오전 11:03:55] 02:03:55.327 WARNING ⛔️ Error while parsing file:///root/shell/project01/ENV2.sh: syntax error
[Warn  - 오전 11:03:56] 02:03:56.458 WARNING ⛔️ Error while parsing file:///root/shell/project01/ENV2.sh: syntax error
[Warn  - 오전 11:03:57] 02:03:57.105 WARNING ⛔️ Error while parsing file:///root/shell/project01/ENV2.sh: syntax error
[Warn  - 오전 11:04:25] 02:04:25.954 WARNING ⛔️ Error while parsing file:///root/shell/project01/ENV2.sh: syntax error
[Warn  - 오전 11:04:26] 02:04:26.344 WARNING ⛔️ Error while parsing file:///root/shell/project01/ENV2.sh: syntax error
[Warn  - 오전 11:04:27] 02:04:27.120 WARNING ⛔️ Error while parsing file:///root/shell/project01/ENV2.sh: syntax error
[Warn  - 오전 11:04:27] 02:04:27.222 WARNING ⛔️ Error while parsing file:///root/shell/project01/ENV2.sh: syntax error
[Warn  - 오전 11:04:27] 02:04:27.625 WARNING ⛔️ Error while parsing file:///root/shell/project01/ENV2.sh: syntax error
[Warn  - 오전 11:04:28] 02:04:28.766 WARNING ⛔️ Error while parsing file:///root/shell/project01/ENV2.sh: syntax error
[Warn  - 오전 11:04:29] 02:04:29.231 WARNING ⛔️ Error while parsing file:///root/shell/project01/ENV2.sh: syntax error
[Warn  - 오전 11:04:30] 02:04:30.049 WARNING ⛔️ Error while parsing file:///root/shell/project01/ENV2.sh: syntax error
[Warn  - 오전 11:04:30] 02:04:30.167 WARNING ⛔️ Error while parsing file:///root/shell/project01/ENV2.sh: syntax error
[Warn  - 오전 11:04:32] 02:04:32.032 WARNING ⛔️ Error while parsing file:///root/shell/project01/ENV2.sh: syntax error
[Warn  - 오전 11:04:33] 02:04:33.384 WARNING ⛔️ Error while parsing file:///root/shell/project01/ENV2.sh: syntax error
[Warn  - 오전 11:04:34] 02:04:34.542 WARNING ⛔️ Error while parsing file:///root/shell/project01/ENV2.sh: syntax error
[Warn  - 오전 11:05:47] 02:05:47.366 WARNING ⛔️ Error while parsing file:///root/shell/project01/ENV2.sh: syntax error
[Warn  - 오전 11:05:47] 02:05:47.848 WARNING ⛔️ Error while parsing file:///root/shell/project01/ENV2.sh: syntax error
[Warn  - 오전 11:05:47] 02:05:47.947 WARNING ⛔️ Error while parsing file:///root/shell/project01/ENV2.sh: syntax error
[Warn  - 오전 11:05:48] 02:05:48.838 WARNING ⛔️ Error while parsing file:///root/shell/project01/ENV2.sh: syntax error
[Warn  - 오전 11:05:48] 02:05:48.944 WARNING ⛔️ Error while parsing file:///root/shell/project01/ENV2.sh: syntax error
[Warn  - 오전 11:05:49] 02:05:49.676 WARNING ⛔️ Error while parsing file:///root/shell/project01/ENV2.sh: syntax error
[Warn  - 오전 11:05:50] 02:05:50.499 WARNING ⛔️ Error while parsing file:///root/shell/project01/ENV2.sh: syntax error
[Warn  - 오전 11:05:51] 02:05:51.573 WARNING ⛔️ Error while parsing file:///root/shell/project01/ENV2.sh: syntax error
[Warn  - 오전 11:05:52] 02:05:52.220 WARNING ⛔️ Error while parsing file:///root/shell/project01/ENV2.sh: syntax error
[Warn  - 오전 11:05:52] 02:05:52.983 WARNING ⛔️ Error while parsing file:///root/shell/project01/ENV2.sh: syntax error
[Warn  - 오전 11:05:53] 02:05:53.094 WARNING ⛔️ Error while parsing file:///root/shell/project01/ENV2.sh: syntax error
[Warn  - 오전 11:05:54] 02:05:54.263 WARNING ⛔️ Error while parsing file:///root/shell/project01/ENV2.sh: syntax error
[Warn  - 오전 11:07:51] 02:07:51.294 WARNING ⛔️ Error while parsing file:///root/shell/project01/ENV2.sh: syntax error
[Warn  - 오전 11:07:51] 02:07:51.389 WARNING ⛔️ Error while parsing file:///root/shell/project01/ENV2.sh: syntax error
[Warn  - 오전 11:07:52] 02:07:52.142 WARNING ⛔️ Error while parsing file:///root/shell/project01/ENV2.sh: syntax error
[Warn  - 오전 11:07:52] 02:07:52.244 WARNING ⛔️ Error while parsing file:///root/shell/project01/ENV2.sh: syntax error
[Warn  - 오전 11:07:53] 02:07:53.342 WARNING ⛔️ Error while parsing file:///root/shell/project01/ENV2.sh: syntax error
[Warn  - 오전 11:07:54] 02:07:54.525 WARNING ⛔️ Error while parsing file:///root/shell/project01/ENV2.sh: syntax error
[Warn  - 오전 11:12:33] 02:12:33.130 WARNING ⛔️ Error while parsing file:///root/shell/project01/ENV2.sh: syntax error
[Warn  - 오전 11:12:34] 02:12:34.538 WARNING ⛔️ Error while parsing file:///root/shell/project01/ENV2.sh: syntax error
[Warn  - 오전 11:12:34] 02:12:34.906 WARNING ⛔️ Error while parsing file:///root/shell/project01/ENV2.sh: syntax error
[Warn  - 오전 11:12:35] 02:12:35.921 WARNING ⛔️ Error while parsing file:///root/shell/project01/ENV2.sh: syntax error
[Warn  - 오전 11:12:36] 02:12:36.426 WARNING ⛔️ Error while parsing file:///root/shell/project01/ENV2.sh: syntax error
[Warn  - 오전 11:12:36] 02:12:36.806 WARNING ⛔️ Error while parsing file:///root/shell/project01/ENV2.sh: syntax error
[Warn  - 오전 11:12:38] 02:12:38.130 WARNING ⛔️ Error while parsing file:///root/shell/project01/ENV2.sh: syntax error
[Warn  - 오전 11:12:38] 02:12:38.753 WARNING ⛔️ Error while parsing file:///root/shell/project01/ENV2.sh: syntax error
[Warn  - 오전 11:12:41] 02:12:41.801 WARNING ⛔️ Error while parsing file:///root/shell/project01/ENV2.sh: syntax error
[Warn  - 오전 11:12:42] 02:12:42.195 WARNING ⛔️ Error while parsing file:///root/shell/project01/ENV2.sh: syntax error
[Warn  - 오전 11:12:42] 02:12:42.297 WARNING ⛔️ Error while parsing file:///root/shell/project01/ENV2.sh: syntax error
[Warn  - 오전 11:12:43] 02:12:43.145 WARNING ⛔️ Error while parsing file:///root/shell/project01/ENV2.sh: syntax error
[Warn  - 오전 11:12:47] 02:12:47.578 WARNING ⛔️ Error while parsing file:///root/shell/project01/ENV2.sh: syntax error
[Warn  - 오전 11:12:47] 02:12:47.684 WARNING ⛔️ Error while parsing file:///root/shell/project01/ENV2.sh: syntax error
[Warn  - 오전 11:13:19] 02:13:19.612 WARNING ⛔️ Error while parsing file:///root/shell/project01/ENV2.sh: syntax error
[Warn  - 오전 11:13:20] 02:13:20.489 WARNING ⛔️ Error while parsing file:///root/shell/project01/ENV2.sh: syntax error
[Warn  - 오전 11:13:21] 02:13:21.569 WARNING ⛔️ Error while parsing file:///root/shell/project01/ENV2.sh: syntax error
[Warn  - 오전 11:13:22] 02:13:22.712 WARNING ⛔️ Error while parsing file:///root/shell/project01/ENV2.sh: syntax error
[Warn  - 오전 11:13:23] 02:13:23.232 WARNING ⛔️ Error while parsing file:///root/shell/project01/ENV2.sh: syntax error
[Warn  - 오전 11:13:24] 02:13:24.249 WARNING ⛔️ Error while parsing file:///root/shell/project01/ENV2.sh: syntax error
[Warn  - 오전 11:13:24] 02:13:24.795 WARNING ⛔️ Error while parsing file:///root/shell/project01/ENV2.sh: syntax error
[Warn  - 오전 11:13:25] 02:13:25.471 WARNING ⛔️ Error while parsing file:///root/shell/project01/ENV2.sh: syntax error
[Warn  - 오전 11:13:25] 02:13:25.606 WARNING ⛔️ Error while parsing file:///root/shell/project01/ENV2.sh: syntax error
[Warn  - 오전 11:13:26] 02:13:26.024 WARNING ⛔️ Error while parsing file:///root/shell/project01/ENV2.sh: syntax error
[Warn  - 오전 11:13:26] 02:13:26.817 WARNING ⛔️ Error while parsing file:///root/shell/project01/ENV2.sh: syntax error
[Warn  - 오전 11:13:27] 02:13:27.097 WARNING ⛔️ Error while parsing file:///root/shell/project01/ENV2.sh: syntax error
[Warn  - 오전 11:13:27] 02:13:27.201 WARNING ⛔️ Error while parsing file:///root/shell/project01/ENV2.sh: syntax error
[Warn  - 오전 11:13:27] 02:13:27.576 WARNING ⛔️ Error while parsing file:///root/shell/project01/ENV2.sh: syntax error
[Warn  - 오전 11:13:27] 02:13:27.847 WARNING ⛔️ Error while parsing file:///root/shell/project01/ENV2.sh: syntax error
[Warn  - 오전 11:13:28] 02:13:28.235 WARNING ⛔️ Error while parsing file:///root/shell/project01/ENV2.sh: syntax error
[Warn  - 오전 11:13:28] 02:13:28.704 WARNING ⛔️ Error while parsing file:///root/shell/project01/ENV2.sh: syntax error
[Warn  - 오전 11:13:28] 02:13:28.805 WARNING ⛔️ Error while parsing file:///root/shell/project01/ENV2.sh: syntax error
[Warn  - 오전 11:13:29] 02:13:29.241 WARNING ⛔️ Error while parsing file:///root/shell/project01/ENV2.sh: syntax error
[Warn  - 오전 11:13:29] 02:13:29.665 WARNING ⛔️ Error while parsing file:///root/shell/project01/ENV2.sh: syntax error
[Warn  - 오전 11:13:30] 02:13:30.217 WARNING ⛔️ Error while parsing file:///root/shell/project01/ENV2.sh: syntax error
[Warn  - 오전 11:13:31] 02:13:31.045 WARNING ⛔️ Error while parsing file:///root/shell/project01/ENV2.sh: syntax error
[Warn  - 오전 11:18:10] 02:18:10.163 WARNING ⛔️ file:///root/shell/project01/ENV3.sh line 9: failed to resolve path
[Warn  - 오전 11:19:18] 02:19:18.297 WARNING ⛔️ Error while parsing file:///root/shell/project01/ENV3.sh: syntax error
[Warn  - 오전 11:19:18] 02:19:18.682 WARNING ⛔️ Error while parsing file:///root/shell/project01/ENV3.sh: syntax error
[Warn  - 오전 11:19:19] 02:19:19.436 WARNING ⛔️ Error while parsing file:///root/shell/project01/ENV3.sh: syntax error
[Warn  - 오전 11:19:20] 02:19:20.427 WARNING ⛔️ Error while parsing file:///root/shell/project01/ENV3.sh: syntax error
[Warn  - 오전 11:19:21] 02:19:21.043 WARNING ⛔️ Error while parsing file:///root/shell/project01/ENV3.sh: syntax error
[Warn  - 오전 11:19:21] 02:19:21.628 WARNING ⛔️ Error while parsing file:///root/shell/project01/ENV3.sh: syntax error
[Warn  - 오전 11:19:22] 02:19:22.211 WARNING ⛔️ Error while parsing file:///root/shell/project01/ENV3.sh: syntax error
[Warn  - 오전 11:19:33] 02:19:33.628 WARNING ⛔️ Error while parsing file:///root/shell/project01/ENV3.sh: syntax error
[Warn  - 오전 11:19:34] 02:19:34.372 WARNING ⛔️ Error while parsing file:///root/shell/project01/ENV3.sh: syntax error
[Warn  - 오전 11:19:34] 02:19:34.471 WARNING ⛔️ Error while parsing file:///root/shell/project01/ENV3.sh: syntax error
[Warn  - 오전 11:20:13] 02:20:13.642 WARNING ⛔️ Error while parsing file:///root/shell/project01/ENV3.sh: syntax error
[Warn  - 오전 11:20:15] 02:20:15.428 WARNING ⛔️ Error while parsing file:///root/shell/project01/ENV3.sh: syntax error
[Warn  - 오전 11:20:15] 02:20:15.528 WARNING ⛔️ Error while parsing file:///root/shell/project01/ENV3.sh: syntax error
[Warn  - 오전 11:20:18] 02:20:18.082 WARNING ⛔️ Error while parsing file:///root/shell/project01/ENV3.sh: syntax error
[Warn  - 오전 11:20:18] 02:20:18.187 WARNING ⛔️ Error while parsing file:///root/shell/project01/ENV3.sh: syntax error
[Warn  - 오전 11:20:19] 02:20:19.089 WARNING ⛔️ Error while parsing file:///root/shell/project01/ENV3.sh: syntax error
[Warn  - 오전 11:20:19] 02:20:19.930 WARNING ⛔️ Error while parsing file:///root/shell/project01/ENV3.sh: syntax error
[Warn  - 오전 11:20:20] 02:20:20.554 WARNING ⛔️ Error while parsing file:///root/shell/project01/ENV3.sh: syntax error
[Warn  - 오전 11:20:21] 02:20:21.090 WARNING ⛔️ Error while parsing file:///root/shell/project01/ENV3.sh: syntax error
[Warn  - 오전 11:20:21] 02:20:21.457 WARNING ⛔️ Error while parsing file:///root/shell/project01/ENV3.sh: syntax error
[Warn  - 오전 11:20:21] 02:20:21.842 WARNING ⛔️ Error while parsing file:///root/shell/project01/ENV3.sh: syntax error
[Warn  - 오전 11:20:22] 02:20:22.627 WARNING ⛔️ Error while parsing file:///root/shell/project01/ENV3.sh: syntax error
[Warn  - 오전 11:20:23] 02:20:23.218 WARNING ⛔️ Error while parsing file:///root/shell/project01/ENV3.sh: syntax error
[Warn  - 오전 11:20:25] 02:20:25.251 WARNING ⛔️ Error while parsing file:///root/shell/project01/ENV3.sh: syntax error
[Warn  - 오전 11:20:25] 02:20:25.351 WARNING ⛔️ Error while parsing file:///root/shell/project01/ENV3.sh: syntax error
[Warn  - 오전 11:20:25] 02:20:25.818 WARNING ⛔️ Error while parsing file:///root/shell/project01/ENV3.sh: syntax error
[Warn  - 오전 11:20:26] 02:20:26.578 WARNING ⛔️ Error while parsing file:///root/shell/project01/ENV3.sh: syntax error
[Warn  - 오전 11:20:27] 02:20:27.008 WARNING ⛔️ Error while parsing file:///root/shell/project01/ENV3.sh: syntax error
[Warn  - 오전 11:50:04] 02:50:04.082 WARNING ⛔️ Error while parsing file:///root/shell/project01/ping.sh: syntax error
[Warn  - 오전 11:50:04] 02:50:04.279 WARNING ⛔️ Error while parsing file:///root/shell/project01/ping.sh: syntax error
[Warn  - 오전 11:50:04] 02:50:04.471 WARNING ⛔️ Error while parsing file:///root/shell/project01/ping.sh: syntax error
[Warn  - 오전 11:50:04] 02:50:04.641 WARNING ⛔️ Error while parsing file:///root/shell/project01/ping.sh: syntax error
[Warn  - 오전 11:50:05] 02:50:05.039 WARNING ⛔️ Error while parsing file:///root/shell/project01/ping.sh: syntax error
[Warn  - 오전 11:50:07] 02:50:07.079 WARNING ⛔️ Error while parsing file:///root/shell/project01/ping.sh: syntax error
[Warn  - 오전 11:50:08] 02:50:08.407 WARNING ⛔️ Error while parsing file:///root/shell/project01/ping.sh: syntax error
[Warn  - 오전 11:50:08] 02:50:08.530 WARNING ⛔️ Error while parsing file:///root/shell/project01/ping.sh: syntax error
[Warn  - 오전 11:50:08] 02:50:08.632 WARNING ⛔️ Error while parsing file:///root/shell/project01/ping.sh: syntax error
[Warn  - 오전 11:50:09] 02:50:09.056 WARNING ⛔️ Error while parsing file:///root/shell/project01/ping.sh: syntax error
[Warn  - 오전 11:50:09] 02:50:09.910 WARNING ⛔️ Error while parsing file:///root/shell/project01/ping.sh: syntax error
[Warn  - 오전 11:50:10] 02:50:10.533 WARNING ⛔️ Error while parsing file:///root/shell/project01/ping.sh: syntax error
[Warn  - 오전 11:50:11] 02:50:11.359 WARNING ⛔️ Error while parsing file:///root/shell/project01/ping.sh: syntax error
[Warn  - 오전 11:50:12] 02:50:12.446 WARNING ⛔️ Error while parsing file:///root/shell/project01/ping.sh: syntax error
[Warn  - 오전 11:50:12] 02:50:12.485 WARNING ⛔️ Error while parsing file:///root/shell/project01/ping.sh: syntax error
[Warn  - 오전 11:50:13] 02:50:13.479 WARNING ⛔️ Error while parsing file:///root/shell/project01/ping.sh: syntax error
[Warn  - 오전 11:50:14] 02:50:14.529 WARNING ⛔️ Error while parsing file:///root/shell/project01/ping.sh: syntax error
[Warn  - 오전 11:50:14] 02:50:14.656 WARNING ⛔️ Error while parsing file:///root/shell/project01/ping.sh: syntax error
[Warn  - 오전 11:50:14] 02:50:14.751 WARNING ⛔️ Error while parsing file:///root/shell/project01/ping.sh: syntax error
[Warn  - 오전 11:50:15] 02:50:15.002 WARNING ⛔️ Error while parsing file:///root/shell/project01/ping.sh: syntax error
[Warn  - 오전 11:50:15] 02:50:15.663 WARNING ⛔️ Error while parsing file:///root/shell/project01/ping.sh: syntax error
[Warn  - 오전 11:50:15] 02:50:15.741 WARNING ⛔️ Error while parsing file:///root/shell/project01/ping.sh: syntax error
[Warn  - 오전 11:50:15] 02:50:15.928 WARNING ⛔️ Error while parsing file:///root/shell/project01/ping.sh: syntax error
[Warn  - 오전 11:51:04] 02:51:04.282 WARNING ⛔️ Error while parsing file:///root/shell/project01/ping.sh: syntax error
[Warn  - 오전 11:51:09] 02:51:09.430 WARNING ⛔️ Error while parsing file:///root/shell/project01/ping.sh: syntax error
[Warn  - 오전 11:51:10] 02:51:10.997 WARNING ⛔️ Error while parsing file:///root/shell/project01/ping.sh: syntax error
[Warn  - 오전 11:51:14] 02:51:14.118 WARNING ⛔️ Error while parsing file:///root/shell/project01/ping.sh: syntax error
[Warn  - 오전 11:51:17] 02:51:17.782 WARNING ⛔️ Error while parsing file:///root/shell/project01/ping.sh: syntax error
[Warn  - 오전 11:51:18] 02:51:18.910 WARNING ⛔️ Error while parsing file:///root/shell/project01/ping.sh: syntax error
[Warn  - 오전 11:51:19] 02:51:19.304 WARNING ⛔️ Error while parsing file:///root/shell/project01/ping.sh: syntax error
[Warn  - 오전 11:51:19] 02:51:19.470 WARNING ⛔️ Error while parsing file:///root/shell/project01/ping.sh: syntax error
[Warn  - 오전 11:51:20] 02:51:20.510 WARNING ⛔️ Error while parsing file:///root/shell/project01/ping.sh: syntax error
[Warn  - 오전 11:51:20] 02:51:20.611 WARNING ⛔️ Error while parsing file:///root/shell/project01/ping.sh: syntax error
[Warn  - 오전 11:51:21] 02:51:21.094 WARNING ⛔️ Error while parsing file:///root/shell/project01/ping.sh: syntax error
[Warn  - 오전 11:51:21] 02:51:21.167 WARNING ⛔️ Error while parsing file:///root/shell/project01/ping.sh: syntax error
[Warn  - 오전 11:51:22] 02:51:22.005 WARNING ⛔️ Error while parsing file:///root/shell/project01/ping.sh: syntax error
[Warn  - 오전 11:51:22] 02:51:22.445 WARNING ⛔️ Error while parsing file:///root/shell/project01/ping.sh: syntax error
[Warn  - 오전 11:51:22] 02:51:22.910 WARNING ⛔️ Error while parsing file:///root/shell/project01/ping.sh: syntax error
[Warn  - 오전 11:51:23] 02:51:23.381 WARNING ⛔️ Error while parsing file:///root/shell/project01/ping.sh: syntax error
[Warn  - 오전 11:51:24] 02:51:24.278 WARNING ⛔️ Error while parsing file:///root/shell/project01/ping.sh: syntax error
[Warn  - 오전 11:51:24] 02:51:24.306 WARNING ⛔️ Error while parsing file:///root/shell/project01/ping.sh: syntax error
[Warn  - 오전 11:51:24] 02:51:24.372 WARNING ⛔️ Error while parsing file:///root/shell/project01/ping.sh: syntax error
[Warn  - 오전 11:51:24] 02:51:24.799 WARNING ⛔️ Error while parsing file:///root/shell/project01/ping.sh: syntax error
[Warn  - 오전 11:51:25] 02:51:25.126 WARNING ⛔️ Error while parsing file:///root/shell/project01/ping.sh: syntax error
[Warn  - 오전 11:51:45] 02:51:45.435 WARNING ⛔️ Error while parsing file:///root/shell/project01/ping.sh: syntax error
[Warn  - 오전 11:51:46] 02:51:46.199 WARNING ⛔️ Error while parsing file:///root/shell/project01/ping.sh: syntax error
[Warn  - 오전 11:51:48] 02:51:48.831 WARNING ⛔️ Error while parsing file:///root/shell/project01/ping.sh: syntax error
[Warn  - 오전 11:51:48] 02:51:48.955 WARNING ⛔️ Error while parsing file:///root/shell/project01/ping.sh: syntax error
[Warn  - 오전 11:51:49] 02:51:49.364 WARNING ⛔️ Error while parsing file:///root/shell/project01/ping.sh: syntax error
[Warn  - 오전 11:51:49] 02:51:49.773 WARNING ⛔️ Error while parsing file:///root/shell/project01/ping.sh: syntax error
[Warn  - 오전 11:51:50] 02:51:50.486 WARNING ⛔️ Error while parsing file:///root/shell/project01/ping.sh: syntax error
[Warn  - 오전 11:51:51] 02:51:51.262 WARNING ⛔️ Error while parsing file:///root/shell/project01/ping.sh: syntax error
[Warn  - 오전 11:51:52] 02:51:52.334 WARNING ⛔️ Error while parsing file:///root/shell/project01/ping.sh: syntax error
[Warn  - 오전 11:51:53] 02:51:53.526 WARNING ⛔️ Error while parsing file:///root/shell/project01/ping.sh: syntax error
[Warn  - 오전 11:51:54] 02:51:54.358 WARNING ⛔️ Error while parsing file:///root/shell/project01/ping.sh: syntax error
[Warn  - 오전 11:51:55] 02:51:55.127 WARNING ⛔️ Error while parsing file:///root/shell/project01/ping.sh: syntax error
[Warn  - 오전 11:51:55] 02:51:55.515 WARNING ⛔️ Error while parsing file:///root/shell/project01/ping.sh: syntax error
[Warn  - 오전 11:51:57] 02:51:57.897 WARNING ⛔️ Error while parsing file:///root/shell/project01/ping.sh: syntax error
[Warn  - 오전 11:51:58] 02:51:58.475 WARNING ⛔️ Error while parsing file:///root/shell/project01/ping.sh: syntax error
[Warn  - 오전 11:52:00] 02:52:00.021 WARNING ⛔️ Error while parsing file:///root/shell/project01/ping.sh: syntax error
[Warn  - 오전 11:52:02] 02:52:02.061 WARNING ⛔️ Error while parsing file:///root/shell/project01/ping.sh: syntax error
[Warn  - 오전 11:52:02] 02:52:02.678 WARNING ⛔️ Error while parsing file:///root/shell/project01/ping.sh: syntax error
[Warn  - 오전 11:52:03] 02:52:03.648 WARNING ⛔️ Error while parsing file:///root/shell/project01/ping.sh: syntax error
[Warn  - 오전 11:52:03] 02:52:03.722 WARNING ⛔️ Error while parsing file:///root/shell/project01/ping.sh: syntax error
[Warn  - 오전 11:52:03] 02:52:03.779 WARNING ⛔️ Error while parsing file:///root/shell/project01/ping.sh: syntax error
[Warn  - 오전 11:52:04] 02:52:04.120 WARNING ⛔️ Error while parsing file:///root/shell/project01/ping.sh: syntax error
[Warn  - 오전 11:52:04] 02:52:04.661 WARNING ⛔️ Error while parsing file:///root/shell/project01/ping.sh: syntax error
[Warn  - 오전 11:52:05] 02:52:05.751 WARNING ⛔️ Error while parsing file:///root/shell/project01/ping.sh: syntax error
[Warn  - 오전 11:52:05] 02:52:05.894 WARNING ⛔️ Error while parsing file:///root/shell/project01/ping.sh: syntax error
[Warn  - 오전 11:52:06] 02:52:06.453 WARNING ⛔️ Error while parsing file:///root/shell/project01/ping.sh: syntax error
[Warn  - 오전 11:52:07] 02:52:07.073 WARNING ⛔️ Error while parsing file:///root/shell/project01/ping.sh: syntax error
[Warn  - 오전 11:52:07] 02:52:07.189 WARNING ⛔️ Error while parsing file:///root/shell/project01/ping.sh: syntax error
[Warn  - 오전 11:52:08] 02:52:08.375 WARNING ⛔️ Error while parsing file:///root/shell/project01/ping.sh: syntax error
[Warn  - 오전 11:52:08] 02:52:08.957 WARNING ⛔️ Error while parsing file:///root/shell/project01/ping.sh: syntax error
[Warn  - 오전 11:52:09] 02:52:09.879 WARNING ⛔️ Error while parsing file:///root/shell/project01/ping.sh: syntax error
[Warn  - 오전 11:52:09] 02:52:09.979 WARNING ⛔️ Error while parsing file:///root/shell/project01/ping.sh: syntax error
[Warn  - 오전 11:52:10] 02:52:10.327 WARNING ⛔️ Error while parsing file:///root/shell/project01/ping.sh: syntax error
[Warn  - 오전 11:52:10] 02:52:10.869 WARNING ⛔️ Error while parsing file:///root/shell/project01/ping.sh: syntax error
[Warn  - 오전 11:52:11] 02:52:11.163 WARNING ⛔️ Error while parsing file:///root/shell/project01/ping.sh: syntax error
[Warn  - 오전 11:52:12] 02:52:12.391 WARNING ⛔️ Error while parsing file:///root/shell/project01/ping.sh: syntax error
[Warn  - 오전 11:52:12] 02:52:12.869 WARNING ⛔️ Error while parsing file:///root/shell/project01/ping.sh: syntax error
[Warn  - 오전 11:52:13] 02:52:13.294 WARNING ⛔️ Error while parsing file:///root/shell/project01/ping.sh: syntax error
[Warn  - 오전 11:52:13] 02:52:13.998 WARNING ⛔️ Error while parsing file:///root/shell/project01/ping.sh: syntax error
[Warn  - 오전 11:52:15] 02:52:15.829 WARNING ⛔️ Error while parsing file:///root/shell/project01/ping.sh: syntax error
[Warn  - 오전 11:52:16] 02:52:16.198 WARNING ⛔️ Error while parsing file:///root/shell/project01/ping.sh: syntax error
[Warn  - 오전 11:52:19] 02:52:19.112 WARNING ⛔️ Error while parsing file:///root/shell/project01/ping.sh: syntax error
[Warn  - 오전 11:52:19] 02:52:19.869 WARNING ⛔️ Error while parsing file:///root/shell/project01/ping.sh: syntax error
